<?xml version="1.0" encoding="UTF-8"?>
<testng-results ignored="0" total="1" passed="1" failed="0" skipped="0">
  <reporter-output>
  </reporter-output>
  <suite started-at="2025-05-12T16:46:26 IST" name="Default suite" finished-at="2025-05-12T16:46:42 IST" duration-ms="16149">
    <groups>
    </groups>
    <test started-at="2025-05-12T16:46:26 IST" name="Default test" finished-at="2025-05-12T16:46:42 IST" duration-ms="16149">
      <class name="testcases.MyFirstTest">
        <test-method is-config="true" signature="setup()[pri:0, instance:testcases.MyFirstTest@55183b20]" started-at="2025-05-12T16:46:26 IST" name="setup" finished-at="2025-05-12T16:46:32 IST" duration-ms="5952" status="PASS">
          <reporter-output>
          </reporter-output>
        </test-method> <!-- setup -->
        <test-method signature="LoginTest()[pri:0, instance:testcases.MyFirstTest@55183b20]" started-at="2025-05-12T16:46:32 IST" name="LoginTest" finished-at="2025-05-12T16:46:40 IST" duration-ms="7339" status="PASS">
          <reporter-output>
          </reporter-output>
        </test-method> <!-- LoginTest -->
        <test-method is-config="true" signature="teardown()[pri:0, instance:testcases.MyFirstTest@55183b20]" started-at="2025-05-12T16:46:40 IST" name="teardown" finished-at="2025-05-12T16:46:42 IST" duration-ms="2831" status="PASS">
          <reporter-output>
          </reporter-output>
        </test-method> <!-- teardown -->
      </class> <!-- testcases.MyFirstTest -->
    </test> <!-- Default test -->
  </suite> <!-- Default suite -->
</testng-results>
