<?xml version="1.0" encoding="UTF-8"?>
<testng-results ignored="0" total="1" passed="1" failed="0" skipped="0">
  <reporter-output>
  </reporter-output>
  <suite started-at="2019-12-28T13:52:14 IST" name="Default suite" finished-at="2019-12-28T13:52:57 IST" duration-ms="42796">
    <groups>
    </groups>
    <test started-at="2019-12-28T13:52:14 IST" name="Default test" finished-at="2019-12-28T13:52:57 IST" duration-ms="42796">
      <class name="com.guru99.testCases.TC_LoginTest_001">
        <test-method is-config="true" signature="setup()[pri:0, instance:com.guru99.testCases.TC_LoginTest_001@26275bef]" started-at="2019-12-28T13:52:15 IST" name="setup" finished-at="2019-12-28T13:52:25 IST" duration-ms="10433" status="PASS">
          <reporter-output>
          </reporter-output>
        </test-method> <!-- setup -->
        <test-method signature="loginTest()[pri:0, instance:com.guru99.testCases.TC_LoginTest_001@26275bef]" started-at="2019-12-28T13:52:25 IST" name="loginTest" finished-at="2019-12-28T13:52:57 IST" duration-ms="32086" status="PASS">
          <reporter-output>
          </reporter-output>
        </test-method> <!-- loginTest -->
        <test-method is-config="true" signature="tearDown()[pri:0, instance:com.guru99.testCases.TC_LoginTest_001@26275bef]" started-at="2019-12-28T13:52:57 IST" name="tearDown" finished-at="2019-12-28T13:52:57 IST" duration-ms="216" status="PASS">
          <reporter-output>
          </reporter-output>
        </test-method> <!-- tearDown -->
      </class> <!-- com.guru99.testCases.TC_LoginTest_001 -->
    </test> <!-- Default test -->
  </suite> <!-- Default suite -->
</testng-results>
