<?xml version="1.0" encoding="UTF-8"?>
<robot generator="Robot 7.2 (Python 3.13.1 on win32)" generated="2025-03-23T16:24:54.972484" rpa="false" schemaversion="5">
<suite id="s1" name="TC01" source="C:\Users\ab1kumar\Pycharm Projects\Robot_Framework\Test Cases\TC01.robot">
<test id="s1-t1" name="Test_TC01" line="10">
<kw name="Set Variable" owner="BuiltIn">
<msg time="2025-03-23T16:24:55.025237" level="INFO">${i} = 1</msg>
<var>${i}</var>
<arg>1</arg>
<doc>Returns the given values which can then be assigned to a variables.</doc>
<status status="PASS" start="2025-03-23T16:24:55.024961" elapsed="0.000330"/>
</kw>
<while condition="${i} &lt; 5">
<iter>
<kw name="Log To Console" owner="BuiltIn">
<arg>${i}</arg>
<doc>Logs the given message to the console.</doc>
<status status="PASS" start="2025-03-23T16:24:55.025912" elapsed="0.000630"/>
</kw>
<kw name="Evaluate" owner="BuiltIn">
<msg time="2025-03-23T16:24:55.027324" level="INFO">${i} = 2</msg>
<var>${i}</var>
<arg>${1} + 1</arg>
<doc>Evaluates the given expression in Python and returns the result.</doc>
<status status="PASS" start="2025-03-23T16:24:55.026737" elapsed="0.000628"/>
</kw>
<status status="PASS" start="2025-03-23T16:24:55.025511" elapsed="0.001905"/>
</iter>
<iter>
<kw name="Log To Console" owner="BuiltIn">
<arg>${i}</arg>
<doc>Logs the given message to the console.</doc>
<status status="PASS" start="2025-03-23T16:24:55.027694" elapsed="0.000469"/>
</kw>
<kw name="Evaluate" owner="BuiltIn">
<msg time="2025-03-23T16:24:55.028856" level="INFO">${i} = 2</msg>
<var>${i}</var>
<arg>${1} + 1</arg>
<doc>Evaluates the given expression in Python and returns the result.</doc>
<status status="PASS" start="2025-03-23T16:24:55.028337" elapsed="0.000556"/>
</kw>
<status status="PASS" start="2025-03-23T16:24:55.027454" elapsed="0.001488"/>
</iter>
<iter>
<kw name="Log To Console" owner="BuiltIn">
<arg>${i}</arg>
<doc>Logs the given message to the console.</doc>
<status status="PASS" start="2025-03-23T16:24:55.029197" elapsed="0.000447"/>
</kw>
<kw name="Evaluate" owner="BuiltIn">
<msg time="2025-03-23T16:24:55.030321" level="INFO">${i} = 2</msg>
<var>${i}</var>
<arg>${1} + 1</arg>
<doc>Evaluates the given expression in Python and returns the result.</doc>
<status status="PASS" start="2025-03-23T16:24:55.029816" elapsed="0.000540"/>
</kw>
<status status="PASS" start="2025-03-23T16:24:55.028974" elapsed="0.001430"/>
</iter>
<iter>
<kw name="Log To Console" owner="BuiltIn">
<arg>${i}</arg>
<doc>Logs the given message to the console.</doc>
<status status="PASS" start="2025-03-23T16:24:55.030647" elapsed="0.000449"/>
</kw>
<kw name="Evaluate" owner="BuiltIn">
<msg time="2025-03-23T16:24:55.031771" level="INFO">${i} = 2</msg>
<var>${i}</var>
<arg>${1} + 1</arg>
<doc>Evaluates the given expression in Python and returns the result.</doc>
<status status="PASS" start="2025-03-23T16:24:55.031269" elapsed="0.000538"/>
</kw>
<status status="PASS" start="2025-03-23T16:24:55.030432" elapsed="0.001423"/>
</iter>
<iter>
<kw name="Log To Console" owner="BuiltIn">
<arg>${i}</arg>
<doc>Logs the given message to the console.</doc>
<status status="PASS" start="2025-03-23T16:24:55.032104" elapsed="0.000493"/>
</kw>
<kw name="Evaluate" owner="BuiltIn">
<msg time="2025-03-23T16:24:55.033272" level="INFO">${i} = 2</msg>
<var>${i}</var>
<arg>${1} + 1</arg>
<doc>Evaluates the given expression in Python and returns the result.</doc>
<status status="PASS" start="2025-03-23T16:24:55.032768" elapsed="0.000539"/>
</kw>
<status status="PASS" start="2025-03-23T16:24:55.031883" elapsed="0.001472"/>
</iter>
<iter>
<kw name="Log To Console" owner="BuiltIn">
<arg>${i}</arg>
<doc>Logs the given message to the console.</doc>
<status status="PASS" start="2025-03-23T16:24:55.033601" elapsed="0.000451"/>
</kw>
<kw name="Evaluate" owner="BuiltIn">
<msg time="2025-03-23T16:24:55.034725" level="INFO">${i} = 2</msg>
<var>${i}</var>
<arg>${1} + 1</arg>
<doc>Evaluates the given expression in Python and returns the result.</doc>
<status status="PASS" start="2025-03-23T16:24:55.034226" elapsed="0.000535"/>
</kw>
<status status="PASS" start="2025-03-23T16:24:55.033383" elapsed="0.001428"/>
</iter>
<iter>
<kw name="Log To Console" owner="BuiltIn">
<arg>${i}</arg>
<doc>Logs the given message to the console.</doc>
<status status="PASS" start="2025-03-23T16:24:55.035055" elapsed="0.000442"/>
</kw>
<kw name="Evaluate" owner="BuiltIn">
<msg time="2025-03-23T16:24:55.036176" level="INFO">${i} = 2</msg>
<var>${i}</var>
<arg>${1} + 1</arg>
<doc>Evaluates the given expression in Python and returns the result.</doc>
<status status="PASS" start="2025-03-23T16:24:55.035677" elapsed="0.000535"/>
</kw>
<status status="PASS" start="2025-03-23T16:24:55.034838" elapsed="0.001423"/>
</iter>
<iter>
<kw name="Log To Console" owner="BuiltIn">
<arg>${i}</arg>
<doc>Logs the given message to the console.</doc>
<status status="PASS" start="2025-03-23T16:24:55.036504" elapsed="0.000450"/>
</kw>
<kw name="Evaluate" owner="BuiltIn">
<msg time="2025-03-23T16:24:55.037607" level="INFO">${i} = 2</msg>
<var>${i}</var>
<arg>${1} + 1</arg>
<doc>Evaluates the given expression in Python and returns the result.</doc>
<status status="PASS" start="2025-03-23T16:24:55.037129" elapsed="0.000512"/>
</kw>
<status status="PASS" start="2025-03-23T16:24:55.036288" elapsed="0.001400"/>
</iter>
<iter>
<kw name="Log To Console" owner="BuiltIn">
<arg>${i}</arg>
<doc>Logs the given message to the console.</doc>
<status status="PASS" start="2025-03-23T16:24:55.037916" elapsed="0.000424"/>
</kw>
<kw name="Evaluate" owner="BuiltIn">
<msg time="2025-03-23T16:24:55.038973" level="INFO">${i} = 2</msg>
<var>${i}</var>
<arg>${1} + 1</arg>
<doc>Evaluates the given expression in Python and returns the result.</doc>
<status status="PASS" start="2025-03-23T16:24:55.038502" elapsed="0.000505"/>
</kw>
<status status="PASS" start="2025-03-23T16:24:55.037713" elapsed="0.001341"/>
</iter>
<iter>
<kw name="Log To Console" owner="BuiltIn">
<arg>${i}</arg>
<doc>Logs the given message to the console.</doc>
<status status="PASS" start="2025-03-23T16:24:55.039285" elapsed="0.000428"/>
</kw>
<kw name="Evaluate" owner="BuiltIn">
<msg time="2025-03-23T16:24:55.040346" level="INFO">${i} = 2</msg>
<var>${i}</var>
<arg>${1} + 1</arg>
<doc>Evaluates the given expression in Python and returns the result.</doc>
<status status="PASS" start="2025-03-23T16:24:55.039876" elapsed="0.000504"/>
</kw>
<status status="PASS" start="2025-03-23T16:24:55.039079" elapsed="0.001346"/>
</iter>
<iter>
<kw name="Log To Console" owner="BuiltIn">
<arg>${i}</arg>
<doc>Logs the given message to the console.</doc>
<status status="PASS" start="2025-03-23T16:24:55.040656" elapsed="0.000439"/>
</kw>
<kw name="Evaluate" owner="BuiltIn">
<msg time="2025-03-23T16:24:55.041731" level="INFO">${i} = 2</msg>
<var>${i}</var>
<arg>${1} + 1</arg>
<doc>Evaluates the given expression in Python and returns the result.</doc>
<status status="PASS" start="2025-03-23T16:24:55.041263" elapsed="0.000506"/>
</kw>
<status status="PASS" start="2025-03-23T16:24:55.040451" elapsed="0.001363"/>
</iter>
<iter>
<kw name="Log To Console" owner="BuiltIn">
<arg>${i}</arg>
<doc>Logs the given message to the console.</doc>
<status status="PASS" start="2025-03-23T16:24:55.042043" elapsed="0.000427"/>
</kw>
<kw name="Evaluate" owner="BuiltIn">
<msg time="2025-03-23T16:24:55.043343" level="INFO">${i} = 2</msg>
<var>${i}</var>
<arg>${1} + 1</arg>
<doc>Evaluates the given expression in Python and returns the result.</doc>
<status status="PASS" start="2025-03-23T16:24:55.042633" elapsed="0.000747"/>
</kw>
<status status="PASS" start="2025-03-23T16:24:55.041839" elapsed="0.001590"/>
</iter>
<iter>
<kw name="Log To Console" owner="BuiltIn">
<arg>${i}</arg>
<doc>Logs the given message to the console.</doc>
<status status="PASS" start="2025-03-23T16:24:55.043667" elapsed="0.000424"/>
</kw>
<kw name="Evaluate" owner="BuiltIn">
<msg time="2025-03-23T16:24:55.044722" level="INFO">${i} = 2</msg>
<var>${i}</var>
<arg>${1} + 1</arg>
<doc>Evaluates the given expression in Python and returns the result.</doc>
<status status="PASS" start="2025-03-23T16:24:55.044257" elapsed="0.000499"/>
</kw>
<status status="PASS" start="2025-03-23T16:24:55.043456" elapsed="0.001685"/>
</iter>
<iter>
<kw name="Log To Console" owner="BuiltIn">
<arg>${i}</arg>
<doc>Logs the given message to the console.</doc>
<status status="PASS" start="2025-03-23T16:24:55.045408" elapsed="0.000438"/>
</kw>
<kw name="Evaluate" owner="BuiltIn">
<msg time="2025-03-23T16:24:55.046469" level="INFO">${i} = 2</msg>
<var>${i}</var>
<arg>${1} + 1</arg>
<doc>Evaluates the given expression in Python and returns the result.</doc>
<status status="PASS" start="2025-03-23T16:24:55.046009" elapsed="0.000493"/>
</kw>
<status status="PASS" start="2025-03-23T16:24:55.045174" elapsed="0.001373"/>
</iter>
<iter>
<kw name="Log To Console" owner="BuiltIn">
<arg>${i}</arg>
<doc>Logs the given message to the console.</doc>
<status status="PASS" start="2025-03-23T16:24:55.046774" elapsed="0.000426"/>
</kw>
<kw name="Evaluate" owner="BuiltIn">
<msg time="2025-03-23T16:24:55.047825" level="INFO">${i} = 2</msg>
<var>${i}</var>
<arg>${1} + 1</arg>
<doc>Evaluates the given expression in Python and returns the result.</doc>
<status status="PASS" start="2025-03-23T16:24:55.047363" elapsed="0.000496"/>
</kw>
<status status="PASS" start="2025-03-23T16:24:55.046572" elapsed="0.001333"/>
</iter>
<iter>
<kw name="Log To Console" owner="BuiltIn">
<arg>${i}</arg>
<doc>Logs the given message to the console.</doc>
<status status="PASS" start="2025-03-23T16:24:55.048134" elapsed="0.000518"/>
</kw>
<kw name="Evaluate" owner="BuiltIn">
<msg time="2025-03-23T16:24:55.049203" level="INFO">${i} = 2</msg>
<var>${i}</var>
<arg>${1} + 1</arg>
<doc>Evaluates the given expression in Python and returns the result.</doc>
<status status="PASS" start="2025-03-23T16:24:55.048792" elapsed="0.000441"/>
</kw>
<status status="PASS" start="2025-03-23T16:24:55.047931" elapsed="0.001344"/>
</iter>
<iter>
<kw name="Log To Console" owner="BuiltIn">
<arg>${i}</arg>
<doc>Logs the given message to the console.</doc>
<status status="PASS" start="2025-03-23T16:24:55.049485" elapsed="0.000419"/>
</kw>
<kw name="Evaluate" owner="BuiltIn">
<msg time="2025-03-23T16:24:55.050534" level="INFO">${i} = 2</msg>
<var>${i}</var>
<arg>${1} + 1</arg>
<doc>Evaluates the given expression in Python and returns the result.</doc>
<status status="PASS" start="2025-03-23T16:24:55.050071" elapsed="0.000496"/>
</kw>
<status status="PASS" start="2025-03-23T16:24:55.049300" elapsed="0.001313"/>
</iter>
<iter>
<kw name="Log To Console" owner="BuiltIn">
<arg>${i}</arg>
<doc>Logs the given message to the console.</doc>
<status status="PASS" start="2025-03-23T16:24:55.050843" elapsed="0.000414"/>
</kw>
<kw name="Evaluate" owner="BuiltIn">
<msg time="2025-03-23T16:24:55.051894" level="INFO">${i} = 2</msg>
<var>${i}</var>
<arg>${1} + 1</arg>
<doc>Evaluates the given expression in Python and returns the result.</doc>
<status status="PASS" start="2025-03-23T16:24:55.051427" elapsed="0.000500"/>
</kw>
<status status="PASS" start="2025-03-23T16:24:55.050638" elapsed="0.001335"/>
</iter>
<iter>
<kw name="Log To Console" owner="BuiltIn">
<arg>${i}</arg>
<doc>Logs the given message to the console.</doc>
<status status="PASS" start="2025-03-23T16:24:55.052203" elapsed="0.000307"/>
</kw>
<kw name="Evaluate" owner="BuiltIn">
<msg time="2025-03-23T16:24:55.053056" level="INFO">${i} = 2</msg>
<var>${i}</var>
<arg>${1} + 1</arg>
<doc>Evaluates the given expression in Python and returns the result.</doc>
<status status="PASS" start="2025-03-23T16:24:55.052644" elapsed="0.000442"/>
</kw>
<status status="PASS" start="2025-03-23T16:24:55.051999" elapsed="0.001128"/>
</iter>
<iter>
<kw name="Log To Console" owner="BuiltIn">
<arg>${i}</arg>
<doc>Logs the given message to the console.</doc>
<status status="PASS" start="2025-03-23T16:24:55.053337" elapsed="0.000401"/>
</kw>
<kw name="Evaluate" owner="BuiltIn">
<msg time="2025-03-23T16:24:55.054374" level="INFO">${i} = 2</msg>
<var>${i}</var>
<arg>${1} + 1</arg>
<doc>Evaluates the given expression in Python and returns the result.</doc>
<status status="PASS" start="2025-03-23T16:24:55.053906" elapsed="0.000502"/>
</kw>
<status status="PASS" start="2025-03-23T16:24:55.053152" elapsed="0.001301"/>
</iter>
<iter>
<kw name="Log To Console" owner="BuiltIn">
<arg>${i}</arg>
<doc>Logs the given message to the console.</doc>
<status status="PASS" start="2025-03-23T16:24:55.054686" elapsed="0.000302"/>
</kw>
<kw name="Evaluate" owner="BuiltIn">
<msg time="2025-03-23T16:24:55.055529" level="INFO">${i} = 2</msg>
<var>${i}</var>
<arg>${1} + 1</arg>
<doc>Evaluates the given expression in Python and returns the result.</doc>
<status status="PASS" start="2025-03-23T16:24:55.055112" elapsed="0.000449"/>
</kw>
<status status="PASS" start="2025-03-23T16:24:55.054480" elapsed="0.001123"/>
</iter>
<iter>
<kw name="Log To Console" owner="BuiltIn">
<arg>${i}</arg>
<doc>Logs the given message to the console.</doc>
<status status="PASS" start="2025-03-23T16:24:55.055825" elapsed="0.000397"/>
</kw>
<kw name="Evaluate" owner="BuiltIn">
<msg time="2025-03-23T16:24:55.056829" level="INFO">${i} = 2</msg>
<var>${i}</var>
<arg>${1} + 1</arg>
<doc>Evaluates the given expression in Python and returns the result.</doc>
<status status="PASS" start="2025-03-23T16:24:55.056377" elapsed="0.000484"/>
</kw>
<status status="PASS" start="2025-03-23T16:24:55.055629" elapsed="0.001275"/>
</iter>
<iter>
<kw name="Log To Console" owner="BuiltIn">
<arg>${i}</arg>
<doc>Logs the given message to the console.</doc>
<status status="PASS" start="2025-03-23T16:24:55.057124" elapsed="0.000341"/>
</kw>
<kw name="Evaluate" owner="BuiltIn">
<msg time="2025-03-23T16:24:55.057985" level="INFO">${i} = 2</msg>
<var>${i}</var>
<arg>${1} + 1</arg>
<doc>Evaluates the given expression in Python and returns the result.</doc>
<status status="PASS" start="2025-03-23T16:24:55.057594" elapsed="0.000419"/>
</kw>
<status status="PASS" start="2025-03-23T16:24:55.056929" elapsed="0.001122"/>
</iter>
<iter>
<kw name="Log To Console" owner="BuiltIn">
<arg>${i}</arg>
<doc>Logs the given message to the console.</doc>
<status status="PASS" start="2025-03-23T16:24:55.058245" elapsed="0.000383"/>
</kw>
<kw name="Evaluate" owner="BuiltIn">
<msg time="2025-03-23T16:24:55.059237" level="INFO">${i} = 2</msg>
<var>${i}</var>
<arg>${1} + 1</arg>
<doc>Evaluates the given expression in Python and returns the result.</doc>
<status status="PASS" start="2025-03-23T16:24:55.058785" elapsed="0.000487"/>
</kw>
<status status="PASS" start="2025-03-23T16:24:55.058073" elapsed="0.001241"/>
</iter>
<iter>
<kw name="Log To Console" owner="BuiltIn">
<arg>${i}</arg>
<doc>Logs the given message to the console.</doc>
<status status="PASS" start="2025-03-23T16:24:55.059538" elapsed="0.000288"/>
</kw>
<kw name="Evaluate" owner="BuiltIn">
<msg time="2025-03-23T16:24:55.060325" level="INFO">${i} = 2</msg>
<var>${i}</var>
<arg>${1} + 1</arg>
<doc>Evaluates the given expression in Python and returns the result.</doc>
<status status="PASS" start="2025-03-23T16:24:55.059942" elapsed="0.000410"/>
</kw>
<status status="PASS" start="2025-03-23T16:24:55.059340" elapsed="0.001049"/>
</iter>
<iter>
<kw name="Log To Console" owner="BuiltIn">
<arg>${i}</arg>
<doc>Logs the given message to the console.</doc>
<status status="PASS" start="2025-03-23T16:24:55.060578" elapsed="0.000375"/>
</kw>
<kw name="Evaluate" owner="BuiltIn">
<msg time="2025-03-23T16:24:55.061564" level="INFO">${i} = 2</msg>
<var>${i}</var>
<arg>${1} + 1</arg>
<doc>Evaluates the given expression in Python and returns the result.</doc>
<status status="PASS" start="2025-03-23T16:24:55.061109" elapsed="0.000487"/>
</kw>
<status status="PASS" start="2025-03-23T16:24:55.060413" elapsed="0.001226"/>
</iter>
<iter>
<kw name="Log To Console" owner="BuiltIn">
<arg>${i}</arg>
<doc>Logs the given message to the console.</doc>
<status status="PASS" start="2025-03-23T16:24:55.061862" elapsed="0.000297"/>
</kw>
<kw name="Evaluate" owner="BuiltIn">
<msg time="2025-03-23T16:24:55.062863" level="INFO">${i} = 2</msg>
<var>${i}</var>
<arg>${1} + 1</arg>
<doc>Evaluates the given expression in Python and returns the result.</doc>
<status status="PASS" start="2025-03-23T16:24:55.062435" elapsed="0.000459"/>
</kw>
<status status="PASS" start="2025-03-23T16:24:55.061664" elapsed="0.001271"/>
</iter>
<iter>
<kw name="Log To Console" owner="BuiltIn">
<arg>${i}</arg>
<doc>Logs the given message to the console.</doc>
<status status="PASS" start="2025-03-23T16:24:55.063149" elapsed="0.000389"/>
</kw>
<kw name="Evaluate" owner="BuiltIn">
<msg time="2025-03-23T16:24:55.064249" level="INFO">${i} = 2</msg>
<var>${i}</var>
<arg>${1} + 1</arg>
<doc>Evaluates the given expression in Python and returns the result.</doc>
<status status="PASS" start="2025-03-23T16:24:55.063692" elapsed="0.000592"/>
</kw>
<status status="PASS" start="2025-03-23T16:24:55.062960" elapsed="0.001370"/>
</iter>
<iter>
<kw name="Log To Console" owner="BuiltIn">
<arg>${i}</arg>
<doc>Logs the given message to the console.</doc>
<status status="PASS" start="2025-03-23T16:24:55.064558" elapsed="0.000392"/>
</kw>
<kw name="Evaluate" owner="BuiltIn">
<msg time="2025-03-23T16:24:55.065493" level="INFO">${i} = 2</msg>
<var>${i}</var>
<arg>${1} + 1</arg>
<doc>Evaluates the given expression in Python and returns the result.</doc>
<status status="PASS" start="2025-03-23T16:24:55.065089" elapsed="0.000433"/>
</kw>
<status status="PASS" start="2025-03-23T16:24:55.064354" elapsed="0.001209"/>
</iter>
<iter>
<kw name="Log To Console" owner="BuiltIn">
<arg>${i}</arg>
<doc>Logs the given message to the console.</doc>
<status status="PASS" start="2025-03-23T16:24:55.065765" elapsed="0.000304"/>
</kw>
<kw name="Evaluate" owner="BuiltIn">
<msg time="2025-03-23T16:24:55.066683" level="INFO">${i} = 2</msg>
<var>${i}</var>
<arg>${1} + 1</arg>
<doc>Evaluates the given expression in Python and returns the result.</doc>
<status status="PASS" start="2025-03-23T16:24:55.066229" elapsed="0.000486"/>
</kw>
<status status="PASS" start="2025-03-23T16:24:55.065586" elapsed="0.001174"/>
</iter>
<iter>
<kw name="Log To Console" owner="BuiltIn">
<arg>${i}</arg>
<doc>Logs the given message to the console.</doc>
<status status="PASS" start="2025-03-23T16:24:55.066987" elapsed="0.000416"/>
</kw>
<kw name="Evaluate" owner="BuiltIn">
<msg time="2025-03-23T16:24:55.068042" level="INFO">${i} = 2</msg>
<var>${i}</var>
<arg>${1} + 1</arg>
<doc>Evaluates the given expression in Python and returns the result.</doc>
<status status="PASS" start="2025-03-23T16:24:55.067567" elapsed="0.000507"/>
</kw>
<status status="PASS" start="2025-03-23T16:24:55.066787" elapsed="0.001332"/>
</iter>
<iter>
<kw name="Log To Console" owner="BuiltIn">
<arg>${i}</arg>
<doc>Logs the given message to the console.</doc>
<status status="PASS" start="2025-03-23T16:24:55.068352" elapsed="0.000309"/>
</kw>
<kw name="Evaluate" owner="BuiltIn">
<msg time="2025-03-23T16:24:55.069202" level="INFO">${i} = 2</msg>
<var>${i}</var>
<arg>${1} + 1</arg>
<doc>Evaluates the given expression in Python and returns the result.</doc>
<status status="PASS" start="2025-03-23T16:24:55.068789" elapsed="0.000442"/>
</kw>
<status status="PASS" start="2025-03-23T16:24:55.068144" elapsed="0.001129"/>
</iter>
<iter>
<kw name="Log To Console" owner="BuiltIn">
<arg>${i}</arg>
<doc>Logs the given message to the console.</doc>
<status status="PASS" start="2025-03-23T16:24:55.069485" elapsed="0.000297"/>
</kw>
<kw name="Evaluate" owner="BuiltIn">
<msg time="2025-03-23T16:24:55.070341" level="INFO">${i} = 2</msg>
<var>${i}</var>
<arg>${1} + 1</arg>
<doc>Evaluates the given expression in Python and returns the result.</doc>
<status status="PASS" start="2025-03-23T16:24:55.069915" elapsed="0.000455"/>
</kw>
<status status="PASS" start="2025-03-23T16:24:55.069297" elapsed="0.001116"/>
</iter>
<iter>
<kw name="Log To Console" owner="BuiltIn">
<arg>${i}</arg>
<doc>Logs the given message to the console.</doc>
<status status="PASS" start="2025-03-23T16:24:55.070626" elapsed="0.000299"/>
</kw>
<kw name="Evaluate" owner="BuiltIn">
<msg time="2025-03-23T16:24:55.071470" level="INFO">${i} = 2</msg>
<var>${i}</var>
<arg>${1} + 1</arg>
<doc>Evaluates the given expression in Python and returns the result.</doc>
<status status="PASS" start="2025-03-23T16:24:55.071049" elapsed="0.000449"/>
</kw>
<status status="PASS" start="2025-03-23T16:24:55.070438" elapsed="0.001103"/>
</iter>
<iter>
<kw name="Log To Console" owner="BuiltIn">
<arg>${i}</arg>
<doc>Logs the given message to the console.</doc>
<status status="PASS" start="2025-03-23T16:24:55.071749" elapsed="0.000303"/>
</kw>
<kw name="Evaluate" owner="BuiltIn">
<msg time="2025-03-23T16:24:55.072590" level="INFO">${i} = 2</msg>
<var>${i}</var>
<arg>${1} + 1</arg>
<doc>Evaluates the given expression in Python and returns the result.</doc>
<status status="PASS" start="2025-03-23T16:24:55.072181" elapsed="0.000438"/>
</kw>
<status status="PASS" start="2025-03-23T16:24:55.071567" elapsed="0.001094"/>
</iter>
<iter>
<kw name="Log To Console" owner="BuiltIn">
<arg>${i}</arg>
<doc>Logs the given message to the console.</doc>
<status status="PASS" start="2025-03-23T16:24:55.072879" elapsed="0.000297"/>
</kw>
<kw name="Evaluate" owner="BuiltIn">
<msg time="2025-03-23T16:24:55.073710" level="INFO">${i} = 2</msg>
<var>${i}</var>
<arg>${1} + 1</arg>
<doc>Evaluates the given expression in Python and returns the result.</doc>
<status status="PASS" start="2025-03-23T16:24:55.073305" elapsed="0.000435"/>
</kw>
<status status="PASS" start="2025-03-23T16:24:55.072685" elapsed="0.001097"/>
</iter>
<iter>
<kw name="Log To Console" owner="BuiltIn">
<arg>${i}</arg>
<doc>Logs the given message to the console.</doc>
<status status="PASS" start="2025-03-23T16:24:55.073988" elapsed="0.000421"/>
</kw>
<kw name="Evaluate" owner="BuiltIn">
<msg time="2025-03-23T16:24:55.075011" level="INFO">${i} = 2</msg>
<var>${i}</var>
<arg>${1} + 1</arg>
<doc>Evaluates the given expression in Python and returns the result.</doc>
<status status="PASS" start="2025-03-23T16:24:55.074562" elapsed="0.000481"/>
</kw>
<status status="PASS" start="2025-03-23T16:24:55.073806" elapsed="0.001325"/>
</iter>
<iter>
<kw name="Log To Console" owner="BuiltIn">
<arg>${i}</arg>
<doc>Logs the given message to the console.</doc>
<status status="PASS" start="2025-03-23T16:24:55.075379" elapsed="0.000362"/>
</kw>
<kw name="Evaluate" owner="BuiltIn">
<msg time="2025-03-23T16:24:55.076310" level="INFO">${i} = 2</msg>
<var>${i}</var>
<arg>${1} + 1</arg>
<doc>Evaluates the given expression in Python and returns the result.</doc>
<status status="PASS" start="2025-03-23T16:24:55.075878" elapsed="0.000464"/>
</kw>
<status status="PASS" start="2025-03-23T16:24:55.075158" elapsed="0.001227"/>
</iter>
<iter>
<kw name="Log To Console" owner="BuiltIn">
<arg>${i}</arg>
<doc>Logs the given message to the console.</doc>
<status status="PASS" start="2025-03-23T16:24:55.076593" elapsed="0.000311"/>
</kw>
<kw name="Evaluate" owner="BuiltIn">
<msg time="2025-03-23T16:24:55.077598" level="INFO">${i} = 2</msg>
<var>${i}</var>
<arg>${1} + 1</arg>
<doc>Evaluates the given expression in Python and returns the result.</doc>
<status status="PASS" start="2025-03-23T16:24:55.077074" elapsed="0.000558"/>
</kw>
<status status="PASS" start="2025-03-23T16:24:55.076409" elapsed="0.001275"/>
</iter>
<iter>
<kw name="Log To Console" owner="BuiltIn">
<arg>${i}</arg>
<doc>Logs the given message to the console.</doc>
<status status="PASS" start="2025-03-23T16:24:55.077948" elapsed="0.000355"/>
</kw>
<kw name="Evaluate" owner="BuiltIn">
<msg time="2025-03-23T16:24:55.078949" level="INFO">${i} = 2</msg>
<var>${i}</var>
<arg>${1} + 1</arg>
<doc>Evaluates the given expression in Python and returns the result.</doc>
<status status="PASS" start="2025-03-23T16:24:55.078451" elapsed="0.000538"/>
</kw>
<status status="PASS" start="2025-03-23T16:24:55.077712" elapsed="0.001442"/>
</iter>
<iter>
<kw name="Log To Console" owner="BuiltIn">
<arg>${i}</arg>
<doc>Logs the given message to the console.</doc>
<status status="PASS" start="2025-03-23T16:24:55.079420" elapsed="0.000341"/>
</kw>
<kw name="Evaluate" owner="BuiltIn">
<msg time="2025-03-23T16:24:55.080613" level="INFO">${i} = 2</msg>
<var>${i}</var>
<arg>${1} + 1</arg>
<doc>Evaluates the given expression in Python and returns the result.</doc>
<status status="PASS" start="2025-03-23T16:24:55.080157" elapsed="0.000491"/>
</kw>
<status status="PASS" start="2025-03-23T16:24:55.079187" elapsed="0.001509"/>
</iter>
<iter>
<kw name="Log To Console" owner="BuiltIn">
<arg>${i}</arg>
<doc>Logs the given message to the console.</doc>
<status status="PASS" start="2025-03-23T16:24:55.080931" elapsed="0.000348"/>
</kw>
<kw name="Evaluate" owner="BuiltIn">
<msg time="2025-03-23T16:24:55.082060" level="INFO">${i} = 2</msg>
<var>${i}</var>
<arg>${1} + 1</arg>
<doc>Evaluates the given expression in Python and returns the result.</doc>
<status status="PASS" start="2025-03-23T16:24:55.081453" elapsed="0.000649"/>
</kw>
<status status="PASS" start="2025-03-23T16:24:55.080721" elapsed="0.001434"/>
</iter>
<iter>
<kw name="Log To Console" owner="BuiltIn">
<arg>${i}</arg>
<doc>Logs the given message to the console.</doc>
<status status="PASS" start="2025-03-23T16:24:55.082407" elapsed="0.000363"/>
</kw>
<kw name="Evaluate" owner="BuiltIn">
<msg time="2025-03-23T16:24:55.083490" level="INFO">${i} = 2</msg>
<var>${i}</var>
<arg>${1} + 1</arg>
<doc>Evaluates the given expression in Python and returns the result.</doc>
<status status="PASS" start="2025-03-23T16:24:55.082986" elapsed="0.000540"/>
</kw>
<status status="PASS" start="2025-03-23T16:24:55.082183" elapsed="0.001394"/>
</iter>
<iter>
<kw name="Log To Console" owner="BuiltIn">
<arg>${i}</arg>
<doc>Logs the given message to the console.</doc>
<status status="PASS" start="2025-03-23T16:24:55.083815" elapsed="0.000316"/>
</kw>
<kw name="Evaluate" owner="BuiltIn">
<msg time="2025-03-23T16:24:55.084792" level="INFO">${i} = 2</msg>
<var>${i}</var>
<arg>${1} + 1</arg>
<doc>Evaluates the given expression in Python and returns the result.</doc>
<status status="PASS" start="2025-03-23T16:24:55.084293" elapsed="0.000533"/>
</kw>
<status status="PASS" start="2025-03-23T16:24:55.083604" elapsed="0.001269"/>
</iter>
<iter>
<kw name="Log To Console" owner="BuiltIn">
<arg>${i}</arg>
<doc>Logs the given message to the console.</doc>
<status status="PASS" start="2025-03-23T16:24:55.085130" elapsed="0.000356"/>
</kw>
<kw name="Evaluate" owner="BuiltIn">
<msg time="2025-03-23T16:24:55.086129" level="INFO">${i} = 2</msg>
<var>${i}</var>
<arg>${1} + 1</arg>
<doc>Evaluates the given expression in Python and returns the result.</doc>
<status status="PASS" start="2025-03-23T16:24:55.085631" elapsed="0.000538"/>
</kw>
<status status="PASS" start="2025-03-23T16:24:55.084902" elapsed="0.001318"/>
</iter>
<iter>
<kw name="Log To Console" owner="BuiltIn">
<arg>${i}</arg>
<doc>Logs the given message to the console.</doc>
<status status="PASS" start="2025-03-23T16:24:55.086469" elapsed="0.000340"/>
</kw>
<kw name="Evaluate" owner="BuiltIn">
<msg time="2025-03-23T16:24:55.087446" level="INFO">${i} = 2</msg>
<var>${i}</var>
<arg>${1} + 1</arg>
<doc>Evaluates the given expression in Python and returns the result.</doc>
<status status="PASS" start="2025-03-23T16:24:55.086962" elapsed="0.000520"/>
</kw>
<status status="PASS" start="2025-03-23T16:24:55.086249" elapsed="0.001279"/>
</iter>
<iter>
<kw name="Log To Console" owner="BuiltIn">
<arg>${i}</arg>
<doc>Logs the given message to the console.</doc>
<status status="PASS" start="2025-03-23T16:24:55.087773" elapsed="0.000321"/>
</kw>
<kw name="Evaluate" owner="BuiltIn">
<msg time="2025-03-23T16:24:55.088677" level="INFO">${i} = 2</msg>
<var>${i}</var>
<arg>${1} + 1</arg>
<doc>Evaluates the given expression in Python and returns the result.</doc>
<status status="PASS" start="2025-03-23T16:24:55.088236" elapsed="0.000472"/>
</kw>
<status status="PASS" start="2025-03-23T16:24:55.087558" elapsed="0.001194"/>
</iter>
<iter>
<kw name="Log To Console" owner="BuiltIn">
<arg>${i}</arg>
<doc>Logs the given message to the console.</doc>
<status status="PASS" start="2025-03-23T16:24:55.088974" elapsed="0.000309"/>
</kw>
<kw name="Evaluate" owner="BuiltIn">
<msg time="2025-03-23T16:24:55.089858" level="INFO">${i} = 2</msg>
<var>${i}</var>
<arg>${1} + 1</arg>
<doc>Evaluates the given expression in Python and returns the result.</doc>
<status status="PASS" start="2025-03-23T16:24:55.089419" elapsed="0.000471"/>
</kw>
<status status="PASS" start="2025-03-23T16:24:55.088779" elapsed="0.001154"/>
</iter>
<iter>
<kw name="Log To Console" owner="BuiltIn">
<arg>${i}</arg>
<doc>Logs the given message to the console.</doc>
<status status="PASS" start="2025-03-23T16:24:55.090154" elapsed="0.000306"/>
</kw>
<kw name="Evaluate" owner="BuiltIn">
<msg time="2025-03-23T16:24:55.091016" level="INFO">${i} = 2</msg>
<var>${i}</var>
<arg>${1} + 1</arg>
<doc>Evaluates the given expression in Python and returns the result.</doc>
<status status="PASS" start="2025-03-23T16:24:55.090595" elapsed="0.000452"/>
</kw>
<status status="PASS" start="2025-03-23T16:24:55.089961" elapsed="0.001127"/>
</iter>
<iter>
<kw name="Log To Console" owner="BuiltIn">
<arg>${i}</arg>
<doc>Logs the given message to the console.</doc>
<status status="PASS" start="2025-03-23T16:24:55.091320" elapsed="0.000336"/>
</kw>
<kw name="Evaluate" owner="BuiltIn">
<msg time="2025-03-23T16:24:55.092282" level="INFO">${i} = 2</msg>
<var>${i}</var>
<arg>${1} + 1</arg>
<doc>Evaluates the given expression in Python and returns the result.</doc>
<status status="PASS" start="2025-03-23T16:24:55.091809" elapsed="0.000506"/>
</kw>
<status status="PASS" start="2025-03-23T16:24:55.091114" elapsed="0.001247"/>
</iter>
<iter>
<kw name="Log To Console" owner="BuiltIn">
<arg>${i}</arg>
<doc>Logs the given message to the console.</doc>
<status status="PASS" start="2025-03-23T16:24:55.092594" elapsed="0.000321"/>
</kw>
<kw name="Evaluate" owner="BuiltIn">
<msg time="2025-03-23T16:24:55.093490" level="INFO">${i} = 2</msg>
<var>${i}</var>
<arg>${1} + 1</arg>
<doc>Evaluates the given expression in Python and returns the result.</doc>
<status status="PASS" start="2025-03-23T16:24:55.093052" elapsed="0.000469"/>
</kw>
<status status="PASS" start="2025-03-23T16:24:55.092388" elapsed="0.001178"/>
</iter>
<iter>
<kw name="Log To Console" owner="BuiltIn">
<arg>${i}</arg>
<doc>Logs the given message to the console.</doc>
<status status="PASS" start="2025-03-23T16:24:55.093775" elapsed="0.000298"/>
</kw>
<kw name="Evaluate" owner="BuiltIn">
<msg time="2025-03-23T16:24:55.094616" level="INFO">${i} = 2</msg>
<var>${i}</var>
<arg>${1} + 1</arg>
<doc>Evaluates the given expression in Python and returns the result.</doc>
<status status="PASS" start="2025-03-23T16:24:55.094200" elapsed="0.000446"/>
</kw>
<status status="PASS" start="2025-03-23T16:24:55.093591" elapsed="0.001096"/>
</iter>
<iter>
<kw name="Log To Console" owner="BuiltIn">
<arg>${i}</arg>
<doc>Logs the given message to the console.</doc>
<status status="PASS" start="2025-03-23T16:24:55.094894" elapsed="0.000298"/>
</kw>
<kw name="Evaluate" owner="BuiltIn">
<msg time="2025-03-23T16:24:55.096152" level="INFO">${i} = 2</msg>
<var>${i}</var>
<arg>${1} + 1</arg>
<doc>Evaluates the given expression in Python and returns the result.</doc>
<status status="PASS" start="2025-03-23T16:24:55.095323" elapsed="0.000870"/>
</kw>
<status status="PASS" start="2025-03-23T16:24:55.094711" elapsed="0.001534"/>
</iter>
<iter>
<kw name="Log To Console" owner="BuiltIn">
<arg>${i}</arg>
<doc>Logs the given message to the console.</doc>
<status status="PASS" start="2025-03-23T16:24:55.096491" elapsed="0.002653"/>
</kw>
<kw name="Evaluate" owner="BuiltIn">
<msg time="2025-03-23T16:24:55.099892" level="INFO">${i} = 2</msg>
<var>${i}</var>
<arg>${1} + 1</arg>
<doc>Evaluates the given expression in Python and returns the result.</doc>
<status status="PASS" start="2025-03-23T16:24:55.099339" elapsed="0.000803"/>
</kw>
<status status="PASS" start="2025-03-23T16:24:55.096272" elapsed="0.003934"/>
</iter>
<iter>
<kw name="Log To Console" owner="BuiltIn">
<arg>${i}</arg>
<doc>Logs the given message to the console.</doc>
<status status="PASS" start="2025-03-23T16:24:55.100510" elapsed="0.000384"/>
</kw>
<kw name="Evaluate" owner="BuiltIn">
<msg time="2025-03-23T16:24:55.101699" level="INFO">${i} = 2</msg>
<var>${i}</var>
<arg>${1} + 1</arg>
<doc>Evaluates the given expression in Python and returns the result.</doc>
<status status="PASS" start="2025-03-23T16:24:55.101135" elapsed="0.000606"/>
</kw>
<status status="PASS" start="2025-03-23T16:24:55.100238" elapsed="0.001559"/>
</iter>
<iter>
<kw name="Log To Console" owner="BuiltIn">
<arg>${i}</arg>
<doc>Logs the given message to the console.</doc>
<status status="PASS" start="2025-03-23T16:24:55.102115" elapsed="0.000346"/>
</kw>
<kw name="Evaluate" owner="BuiltIn">
<msg time="2025-03-23T16:24:55.103142" level="INFO">${i} = 2</msg>
<var>${i}</var>
<arg>${1} + 1</arg>
<doc>Evaluates the given expression in Python and returns the result.</doc>
<status status="PASS" start="2025-03-23T16:24:55.102625" elapsed="0.000555"/>
</kw>
<status status="PASS" start="2025-03-23T16:24:55.101828" elapsed="0.001407"/>
</iter>
<iter>
<kw name="Log To Console" owner="BuiltIn">
<arg>${i}</arg>
<doc>Logs the given message to the console.</doc>
<status status="PASS" start="2025-03-23T16:24:55.103502" elapsed="0.000765"/>
</kw>
<kw name="Evaluate" owner="BuiltIn">
<msg time="2025-03-23T16:24:55.104945" level="INFO">${i} = 2</msg>
<var>${i}</var>
<arg>${1} + 1</arg>
<doc>Evaluates the given expression in Python and returns the result.</doc>
<status status="PASS" start="2025-03-23T16:24:55.104430" elapsed="0.000557"/>
</kw>
<status status="PASS" start="2025-03-23T16:24:55.103265" elapsed="0.001777"/>
</iter>
<iter>
<kw name="Log To Console" owner="BuiltIn">
<arg>${i}</arg>
<doc>Logs the given message to the console.</doc>
<status status="PASS" start="2025-03-23T16:24:55.105416" elapsed="0.000519"/>
</kw>
<kw name="Evaluate" owner="BuiltIn">
<msg time="2025-03-23T16:24:55.106735" level="INFO">${i} = 2</msg>
<var>${i}</var>
<arg>${1} + 1</arg>
<doc>Evaluates the given expression in Python and returns the result.</doc>
<status status="PASS" start="2025-03-23T16:24:55.106134" elapsed="0.000642"/>
</kw>
<status status="PASS" start="2025-03-23T16:24:55.105073" elapsed="0.001757"/>
</iter>
<iter>
<kw name="Log To Console" owner="BuiltIn">
<arg>${i}</arg>
<doc>Logs the given message to the console.</doc>
<status status="PASS" start="2025-03-23T16:24:55.107090" elapsed="0.000929"/>
</kw>
<kw name="Evaluate" owner="BuiltIn">
<msg time="2025-03-23T16:24:55.108943" level="INFO">${i} = 2</msg>
<var>${i}</var>
<arg>${1} + 1</arg>
<doc>Evaluates the given expression in Python and returns the result.</doc>
<status status="PASS" start="2025-03-23T16:24:55.108317" elapsed="0.000683"/>
</kw>
<status status="PASS" start="2025-03-23T16:24:55.106859" elapsed="0.002189"/>
</iter>
<iter>
<kw name="Log To Console" owner="BuiltIn">
<arg>${i}</arg>
<doc>Logs the given message to the console.</doc>
<status status="PASS" start="2025-03-23T16:24:55.109339" elapsed="0.000492"/>
</kw>
<kw name="Evaluate" owner="BuiltIn">
<msg time="2025-03-23T16:24:55.110724" level="INFO">${i} = 2</msg>
<var>${i}</var>
<arg>${1} + 1</arg>
<doc>Evaluates the given expression in Python and returns the result.</doc>
<status status="PASS" start="2025-03-23T16:24:55.110048" elapsed="0.000725"/>
</kw>
<status status="PASS" start="2025-03-23T16:24:55.109078" elapsed="0.001751"/>
</iter>
<iter>
<kw name="Log To Console" owner="BuiltIn">
<arg>${i}</arg>
<doc>Logs the given message to the console.</doc>
<status status="PASS" start="2025-03-23T16:24:55.111192" elapsed="0.000876"/>
</kw>
<kw name="Evaluate" owner="BuiltIn">
<msg time="2025-03-23T16:24:55.112873" level="INFO">${i} = 2</msg>
<var>${i}</var>
<arg>${1} + 1</arg>
<doc>Evaluates the given expression in Python and returns the result.</doc>
<status status="PASS" start="2025-03-23T16:24:55.112309" elapsed="0.000602"/>
</kw>
<status status="PASS" start="2025-03-23T16:24:55.110856" elapsed="0.002109"/>
</iter>
<iter>
<kw name="Log To Console" owner="BuiltIn">
<arg>${i}</arg>
<doc>Logs the given message to the console.</doc>
<status status="PASS" start="2025-03-23T16:24:55.113234" elapsed="0.000530"/>
</kw>
<kw name="Evaluate" owner="BuiltIn">
<msg time="2025-03-23T16:24:55.114658" level="INFO">${i} = 2</msg>
<var>${i}</var>
<arg>${1} + 1</arg>
<doc>Evaluates the given expression in Python and returns the result.</doc>
<status status="PASS" start="2025-03-23T16:24:55.114065" elapsed="0.000641"/>
</kw>
<status status="PASS" start="2025-03-23T16:24:55.112994" elapsed="0.001769"/>
</iter>
<iter>
<kw name="Log To Console" owner="BuiltIn">
<arg>${i}</arg>
<doc>Logs the given message to the console.</doc>
<status status="PASS" start="2025-03-23T16:24:55.115056" elapsed="0.000642"/>
</kw>
<kw name="Evaluate" owner="BuiltIn">
<msg time="2025-03-23T16:24:55.116616" level="INFO">${i} = 2</msg>
<var>${i}</var>
<arg>${1} + 1</arg>
<doc>Evaluates the given expression in Python and returns the result.</doc>
<status status="PASS" start="2025-03-23T16:24:55.116053" elapsed="0.000604"/>
</kw>
<status status="PASS" start="2025-03-23T16:24:55.114793" elapsed="0.001919"/>
</iter>
<iter>
<kw name="Log To Console" owner="BuiltIn">
<arg>${i}</arg>
<doc>Logs the given message to the console.</doc>
<status status="PASS" start="2025-03-23T16:24:55.117032" elapsed="0.000464"/>
</kw>
<kw name="Evaluate" owner="BuiltIn">
<msg time="2025-03-23T16:24:55.118222" level="INFO">${i} = 2</msg>
<var>${i}</var>
<arg>${1} + 1</arg>
<doc>Evaluates the given expression in Python and returns the result.</doc>
<status status="PASS" start="2025-03-23T16:24:55.117673" elapsed="0.000588"/>
</kw>
<status status="PASS" start="2025-03-23T16:24:55.116765" elapsed="0.001550"/>
</iter>
<iter>
<kw name="Log To Console" owner="BuiltIn">
<arg>${i}</arg>
<doc>Logs the given message to the console.</doc>
<status status="PASS" start="2025-03-23T16:24:55.118594" elapsed="0.000448"/>
</kw>
<kw name="Evaluate" owner="BuiltIn">
<msg time="2025-03-23T16:24:55.119675" level="INFO">${i} = 2</msg>
<var>${i}</var>
<arg>${1} + 1</arg>
<doc>Evaluates the given expression in Python and returns the result.</doc>
<status status="PASS" start="2025-03-23T16:24:55.119185" elapsed="0.000525"/>
</kw>
<status status="PASS" start="2025-03-23T16:24:55.118344" elapsed="0.001415"/>
</iter>
<iter>
<kw name="Log To Console" owner="BuiltIn">
<arg>${i}</arg>
<doc>Logs the given message to the console.</doc>
<status status="PASS" start="2025-03-23T16:24:55.120005" elapsed="0.000487"/>
</kw>
<kw name="Evaluate" owner="BuiltIn">
<msg time="2025-03-23T16:24:55.121287" level="INFO">${i} = 2</msg>
<var>${i}</var>
<arg>${1} + 1</arg>
<doc>Evaluates the given expression in Python and returns the result.</doc>
<status status="PASS" start="2025-03-23T16:24:55.120701" elapsed="0.000624"/>
</kw>
<status status="PASS" start="2025-03-23T16:24:55.119789" elapsed="0.001591"/>
</iter>
<iter>
<kw name="Log To Console" owner="BuiltIn">
<arg>${i}</arg>
<doc>Logs the given message to the console.</doc>
<status status="PASS" start="2025-03-23T16:24:55.121646" elapsed="0.000458"/>
</kw>
<kw name="Evaluate" owner="BuiltIn">
<msg time="2025-03-23T16:24:55.122807" level="INFO">${i} = 2</msg>
<var>${i}</var>
<arg>${1} + 1</arg>
<doc>Evaluates the given expression in Python and returns the result.</doc>
<status status="PASS" start="2025-03-23T16:24:55.122279" elapsed="0.000566"/>
</kw>
<status status="PASS" start="2025-03-23T16:24:55.121411" elapsed="0.001488"/>
</iter>
<iter>
<kw name="Log To Console" owner="BuiltIn">
<arg>${i}</arg>
<doc>Logs the given message to the console.</doc>
<status status="PASS" start="2025-03-23T16:24:55.123161" elapsed="0.000480"/>
</kw>
<kw name="Evaluate" owner="BuiltIn">
<msg time="2025-03-23T16:24:55.124570" level="INFO">${i} = 2</msg>
<var>${i}</var>
<arg>${1} + 1</arg>
<doc>Evaluates the given expression in Python and returns the result.</doc>
<status status="PASS" start="2025-03-23T16:24:55.123958" elapsed="0.000652"/>
</kw>
<status status="PASS" start="2025-03-23T16:24:55.122928" elapsed="0.001737"/>
</iter>
<iter>
<kw name="Log To Console" owner="BuiltIn">
<arg>${i}</arg>
<doc>Logs the given message to the console.</doc>
<status status="PASS" start="2025-03-23T16:24:55.124931" elapsed="0.000490"/>
</kw>
<kw name="Evaluate" owner="BuiltIn">
<msg time="2025-03-23T16:24:55.126165" level="INFO">${i} = 2</msg>
<var>${i}</var>
<arg>${1} + 1</arg>
<doc>Evaluates the given expression in Python and returns the result.</doc>
<status status="PASS" start="2025-03-23T16:24:55.125620" elapsed="0.000585"/>
</kw>
<status status="PASS" start="2025-03-23T16:24:55.124694" elapsed="0.001565"/>
</iter>
<iter>
<kw name="Log To Console" owner="BuiltIn">
<arg>${i}</arg>
<doc>Logs the given message to the console.</doc>
<status status="PASS" start="2025-03-23T16:24:55.126529" elapsed="0.000529"/>
</kw>
<kw name="Evaluate" owner="BuiltIn">
<msg time="2025-03-23T16:24:55.127945" level="INFO">${i} = 2</msg>
<var>${i}</var>
<arg>${1} + 1</arg>
<doc>Evaluates the given expression in Python and returns the result.</doc>
<status status="PASS" start="2025-03-23T16:24:55.127382" elapsed="0.000608"/>
</kw>
<status status="PASS" start="2025-03-23T16:24:55.126289" elapsed="0.001761"/>
</iter>
<iter>
<kw name="Log To Console" owner="BuiltIn">
<arg>${i}</arg>
<doc>Logs the given message to the console.</doc>
<status status="PASS" start="2025-03-23T16:24:55.128322" elapsed="0.000482"/>
</kw>
<kw name="Evaluate" owner="BuiltIn">
<msg time="2025-03-23T16:24:55.129507" level="INFO">${i} = 2</msg>
<var>${i}</var>
<arg>${1} + 1</arg>
<doc>Evaluates the given expression in Python and returns the result.</doc>
<status status="PASS" start="2025-03-23T16:24:55.128990" elapsed="0.000555"/>
</kw>
<status status="PASS" start="2025-03-23T16:24:55.128080" elapsed="0.001519"/>
</iter>
<iter>
<kw name="Log To Console" owner="BuiltIn">
<arg>${i}</arg>
<doc>Logs the given message to the console.</doc>
<status status="PASS" start="2025-03-23T16:24:55.129852" elapsed="0.000483"/>
</kw>
<kw name="Evaluate" owner="BuiltIn">
<msg time="2025-03-23T16:24:55.131086" level="INFO">${i} = 2</msg>
<var>${i}</var>
<arg>${1} + 1</arg>
<doc>Evaluates the given expression in Python and returns the result.</doc>
<status status="PASS" start="2025-03-23T16:24:55.130535" elapsed="0.000591"/>
</kw>
<status status="PASS" start="2025-03-23T16:24:55.129628" elapsed="0.001551"/>
</iter>
<iter>
<kw name="Log To Console" owner="BuiltIn">
<arg>${i}</arg>
<doc>Logs the given message to the console.</doc>
<status status="PASS" start="2025-03-23T16:24:55.131446" elapsed="0.000480"/>
</kw>
<kw name="Evaluate" owner="BuiltIn">
<msg time="2025-03-23T16:24:55.132599" level="INFO">${i} = 2</msg>
<var>${i}</var>
<arg>${1} + 1</arg>
<doc>Evaluates the given expression in Python and returns the result.</doc>
<status status="PASS" start="2025-03-23T16:24:55.132089" elapsed="0.000551"/>
</kw>
<status status="PASS" start="2025-03-23T16:24:55.131209" elapsed="0.001488"/>
</iter>
<iter>
<kw name="Log To Console" owner="BuiltIn">
<arg>${i}</arg>
<doc>Logs the given message to the console.</doc>
<status status="PASS" start="2025-03-23T16:24:55.132963" elapsed="0.000455"/>
</kw>
<kw name="Evaluate" owner="BuiltIn">
<msg time="2025-03-23T16:24:55.134132" level="INFO">${i} = 2</msg>
<var>${i}</var>
<arg>${1} + 1</arg>
<doc>Evaluates the given expression in Python and returns the result.</doc>
<status status="PASS" start="2025-03-23T16:24:55.133606" elapsed="0.000563"/>
</kw>
<status status="PASS" start="2025-03-23T16:24:55.132726" elapsed="0.001495"/>
</iter>
<iter>
<kw name="Log To Console" owner="BuiltIn">
<arg>${i}</arg>
<doc>Logs the given message to the console.</doc>
<status status="PASS" start="2025-03-23T16:24:55.134469" elapsed="0.000466"/>
</kw>
<kw name="Evaluate" owner="BuiltIn">
<msg time="2025-03-23T16:24:55.135552" level="INFO">${i} = 2</msg>
<var>${i}</var>
<arg>${1} + 1</arg>
<doc>Evaluates the given expression in Python and returns the result.</doc>
<status status="PASS" start="2025-03-23T16:24:55.135085" elapsed="0.000500"/>
</kw>
<status status="PASS" start="2025-03-23T16:24:55.134247" elapsed="0.001386"/>
</iter>
<iter>
<kw name="Log To Console" owner="BuiltIn">
<arg>${i}</arg>
<doc>Logs the given message to the console.</doc>
<status status="PASS" start="2025-03-23T16:24:55.135862" elapsed="0.000425"/>
</kw>
<kw name="Evaluate" owner="BuiltIn">
<msg time="2025-03-23T16:24:55.136995" level="INFO">${i} = 2</msg>
<var>${i}</var>
<arg>${1} + 1</arg>
<doc>Evaluates the given expression in Python and returns the result.</doc>
<status status="PASS" start="2025-03-23T16:24:55.136474" elapsed="0.000558"/>
</kw>
<status status="PASS" start="2025-03-23T16:24:55.135660" elapsed="0.001424"/>
</iter>
<iter>
<kw name="Log To Console" owner="BuiltIn">
<arg>${i}</arg>
<doc>Logs the given message to the console.</doc>
<status status="PASS" start="2025-03-23T16:24:55.137336" elapsed="0.000454"/>
</kw>
<kw name="Evaluate" owner="BuiltIn">
<msg time="2025-03-23T16:24:55.138375" level="INFO">${i} = 2</msg>
<var>${i}</var>
<arg>${1} + 1</arg>
<doc>Evaluates the given expression in Python and returns the result.</doc>
<status status="PASS" start="2025-03-23T16:24:55.137932" elapsed="0.000476"/>
</kw>
<status status="PASS" start="2025-03-23T16:24:55.137112" elapsed="0.001343"/>
</iter>
<iter>
<kw name="Log To Console" owner="BuiltIn">
<arg>${i}</arg>
<doc>Logs the given message to the console.</doc>
<status status="PASS" start="2025-03-23T16:24:55.138679" elapsed="0.000420"/>
</kw>
<kw name="Evaluate" owner="BuiltIn">
<msg time="2025-03-23T16:24:55.139783" level="INFO">${i} = 2</msg>
<var>${i}</var>
<arg>${1} + 1</arg>
<doc>Evaluates the given expression in Python and returns the result.</doc>
<status status="PASS" start="2025-03-23T16:24:55.139287" elapsed="0.000531"/>
</kw>
<status status="PASS" start="2025-03-23T16:24:55.138482" elapsed="0.001383"/>
</iter>
<iter>
<kw name="Log To Console" owner="BuiltIn">
<arg>${i}</arg>
<doc>Logs the given message to the console.</doc>
<status status="PASS" start="2025-03-23T16:24:55.140107" elapsed="0.000444"/>
</kw>
<kw name="Evaluate" owner="BuiltIn">
<msg time="2025-03-23T16:24:55.141286" level="INFO">${i} = 2</msg>
<var>${i}</var>
<arg>${1} + 1</arg>
<doc>Evaluates the given expression in Python and returns the result.</doc>
<status status="PASS" start="2025-03-23T16:24:55.140746" elapsed="0.000581"/>
</kw>
<status status="PASS" start="2025-03-23T16:24:55.139892" elapsed="0.001491"/>
</iter>
<iter>
<kw name="Log To Console" owner="BuiltIn">
<arg>${i}</arg>
<doc>Logs the given message to the console.</doc>
<status status="PASS" start="2025-03-23T16:24:55.141633" elapsed="0.000473"/>
</kw>
<kw name="Evaluate" owner="BuiltIn">
<msg time="2025-03-23T16:24:55.143009" level="INFO">${i} = 2</msg>
<var>${i}</var>
<arg>${1} + 1</arg>
<doc>Evaluates the given expression in Python and returns the result.</doc>
<status status="PASS" start="2025-03-23T16:24:55.142283" elapsed="0.000767"/>
</kw>
<status status="PASS" start="2025-03-23T16:24:55.141409" elapsed="0.001699"/>
</iter>
<iter>
<kw name="Log To Console" owner="BuiltIn">
<arg>${i}</arg>
<doc>Logs the given message to the console.</doc>
<status status="PASS" start="2025-03-23T16:24:55.143367" elapsed="0.000448"/>
</kw>
<kw name="Evaluate" owner="BuiltIn">
<msg time="2025-03-23T16:24:55.144563" level="INFO">${i} = 2</msg>
<var>${i}</var>
<arg>${1} + 1</arg>
<doc>Evaluates the given expression in Python and returns the result.</doc>
<status status="PASS" start="2025-03-23T16:24:55.144009" elapsed="0.000593"/>
</kw>
<status status="PASS" start="2025-03-23T16:24:55.143136" elapsed="0.001723"/>
</iter>
<iter>
<kw name="Log To Console" owner="BuiltIn">
<arg>${i}</arg>
<doc>Logs the given message to the console.</doc>
<status status="PASS" start="2025-03-23T16:24:55.145164" elapsed="0.000462"/>
</kw>
<kw name="Evaluate" owner="BuiltIn">
<msg time="2025-03-23T16:24:55.146293" level="INFO">${i} = 2</msg>
<var>${i}</var>
<arg>${1} + 1</arg>
<doc>Evaluates the given expression in Python and returns the result.</doc>
<status status="PASS" start="2025-03-23T16:24:55.145796" elapsed="0.000531"/>
</kw>
<status status="PASS" start="2025-03-23T16:24:55.144898" elapsed="0.001480"/>
</iter>
<iter>
<kw name="Log To Console" owner="BuiltIn">
<arg>${i}</arg>
<doc>Logs the given message to the console.</doc>
<status status="PASS" start="2025-03-23T16:24:55.146638" elapsed="0.000473"/>
</kw>
<kw name="Evaluate" owner="BuiltIn">
<msg time="2025-03-23T16:24:55.147817" level="INFO">${i} = 2</msg>
<var>${i}</var>
<arg>${1} + 1</arg>
<doc>Evaluates the given expression in Python and returns the result.</doc>
<status status="PASS" start="2025-03-23T16:24:55.147297" elapsed="0.000557"/>
</kw>
<status status="PASS" start="2025-03-23T16:24:55.146406" elapsed="0.001500"/>
</iter>
<iter>
<kw name="Log To Console" owner="BuiltIn">
<arg>${i}</arg>
<doc>Logs the given message to the console.</doc>
<status status="PASS" start="2025-03-23T16:24:55.148161" elapsed="0.000466"/>
</kw>
<kw name="Evaluate" owner="BuiltIn">
<msg time="2025-03-23T16:24:55.149256" level="INFO">${i} = 2</msg>
<var>${i}</var>
<arg>${1} + 1</arg>
<doc>Evaluates the given expression in Python and returns the result.</doc>
<status status="PASS" start="2025-03-23T16:24:55.148786" elapsed="0.000502"/>
</kw>
<status status="PASS" start="2025-03-23T16:24:55.147935" elapsed="0.001400"/>
</iter>
<iter>
<kw name="Log To Console" owner="BuiltIn">
<arg>${i}</arg>
<doc>Logs the given message to the console.</doc>
<status status="PASS" start="2025-03-23T16:24:55.149567" elapsed="0.000420"/>
</kw>
<kw name="Evaluate" owner="BuiltIn">
<msg time="2025-03-23T16:24:55.150659" level="INFO">${i} = 2</msg>
<var>${i}</var>
<arg>${1} + 1</arg>
<doc>Evaluates the given expression in Python and returns the result.</doc>
<status status="PASS" start="2025-03-23T16:24:55.150164" elapsed="0.000531"/>
</kw>
<status status="PASS" start="2025-03-23T16:24:55.149362" elapsed="0.001381"/>
</iter>
<iter>
<kw name="Log To Console" owner="BuiltIn">
<arg>${i}</arg>
<doc>Logs the given message to the console.</doc>
<status status="PASS" start="2025-03-23T16:24:55.150985" elapsed="0.000458"/>
</kw>
<kw name="Evaluate" owner="BuiltIn">
<msg time="2025-03-23T16:24:55.152003" level="INFO">${i} = 2</msg>
<var>${i}</var>
<arg>${1} + 1</arg>
<doc>Evaluates the given expression in Python and returns the result.</doc>
<status status="PASS" start="2025-03-23T16:24:55.151573" elapsed="0.000461"/>
</kw>
<status status="PASS" start="2025-03-23T16:24:55.150771" elapsed="0.001305"/>
</iter>
<iter>
<kw name="Log To Console" owner="BuiltIn">
<arg>${i}</arg>
<doc>Logs the given message to the console.</doc>
<status status="PASS" start="2025-03-23T16:24:55.152292" elapsed="0.000402"/>
</kw>
<kw name="Evaluate" owner="BuiltIn">
<msg time="2025-03-23T16:24:55.153373" level="INFO">${i} = 2</msg>
<var>${i}</var>
<arg>${1} + 1</arg>
<doc>Evaluates the given expression in Python and returns the result.</doc>
<status status="PASS" start="2025-03-23T16:24:55.152870" elapsed="0.000538"/>
</kw>
<status status="PASS" start="2025-03-23T16:24:55.152100" elapsed="0.001355"/>
</iter>
<iter>
<kw name="Log To Console" owner="BuiltIn">
<arg>${i}</arg>
<doc>Logs the given message to the console.</doc>
<status status="PASS" start="2025-03-23T16:24:55.153693" elapsed="0.000443"/>
</kw>
<kw name="Evaluate" owner="BuiltIn">
<msg time="2025-03-23T16:24:55.154682" level="INFO">${i} = 2</msg>
<var>${i}</var>
<arg>${1} + 1</arg>
<doc>Evaluates the given expression in Python and returns the result.</doc>
<status status="PASS" start="2025-03-23T16:24:55.154261" elapsed="0.000453"/>
</kw>
<status status="PASS" start="2025-03-23T16:24:55.153482" elapsed="0.001275"/>
</iter>
<iter>
<kw name="Log To Console" owner="BuiltIn">
<arg>${i}</arg>
<doc>Logs the given message to the console.</doc>
<status status="PASS" start="2025-03-23T16:24:55.154966" elapsed="0.000399"/>
</kw>
<kw name="Evaluate" owner="BuiltIn">
<msg time="2025-03-23T16:24:55.156007" level="INFO">${i} = 2</msg>
<var>${i}</var>
<arg>${1} + 1</arg>
<doc>Evaluates the given expression in Python and returns the result.</doc>
<status status="PASS" start="2025-03-23T16:24:55.155533" elapsed="0.000507"/>
</kw>
<status status="PASS" start="2025-03-23T16:24:55.154781" elapsed="0.001305"/>
</iter>
<iter>
<kw name="Log To Console" owner="BuiltIn">
<arg>${i}</arg>
<doc>Logs the given message to the console.</doc>
<status status="PASS" start="2025-03-23T16:24:55.156317" elapsed="0.000403"/>
</kw>
<kw name="Evaluate" owner="BuiltIn">
<msg time="2025-03-23T16:24:55.157245" level="INFO">${i} = 2</msg>
<var>${i}</var>
<arg>${1} + 1</arg>
<doc>Evaluates the given expression in Python and returns the result.</doc>
<status status="PASS" start="2025-03-23T16:24:55.156846" elapsed="0.000427"/>
</kw>
<status status="PASS" start="2025-03-23T16:24:55.156112" elapsed="0.001201"/>
</iter>
<iter>
<kw name="Log To Console" owner="BuiltIn">
<arg>${i}</arg>
<doc>Logs the given message to the console.</doc>
<status status="PASS" start="2025-03-23T16:24:55.157580" elapsed="0.000399"/>
</kw>
<kw name="Evaluate" owner="BuiltIn">
<msg time="2025-03-23T16:24:55.158880" level="INFO">${i} = 2</msg>
<var>${i}</var>
<arg>${1} + 1</arg>
<doc>Evaluates the given expression in Python and returns the result.</doc>
<status status="PASS" start="2025-03-23T16:24:55.158117" elapsed="0.000801"/>
</kw>
<status status="PASS" start="2025-03-23T16:24:55.157389" elapsed="0.001577"/>
</iter>
<iter>
<kw name="Log To Console" owner="BuiltIn">
<arg>${i}</arg>
<doc>Logs the given message to the console.</doc>
<status status="PASS" start="2025-03-23T16:24:55.159200" elapsed="0.000522"/>
</kw>
<kw name="Evaluate" owner="BuiltIn">
<msg time="2025-03-23T16:24:55.160425" level="INFO">${i} = 2</msg>
<var>${i}</var>
<arg>${1} + 1</arg>
<doc>Evaluates the given expression in Python and returns the result.</doc>
<status status="PASS" start="2025-03-23T16:24:55.159926" elapsed="0.000532"/>
</kw>
<status status="PASS" start="2025-03-23T16:24:55.158991" elapsed="0.001515"/>
</iter>
<iter>
<kw name="Log To Console" owner="BuiltIn">
<arg>${i}</arg>
<doc>Logs the given message to the console.</doc>
<status status="PASS" start="2025-03-23T16:24:55.160745" elapsed="0.000457"/>
</kw>
<kw name="Evaluate" owner="BuiltIn">
<msg time="2025-03-23T16:24:55.161877" level="INFO">${i} = 2</msg>
<var>${i}</var>
<arg>${1} + 1</arg>
<doc>Evaluates the given expression in Python and returns the result.</doc>
<status status="PASS" start="2025-03-23T16:24:55.161374" elapsed="0.000538"/>
</kw>
<status status="PASS" start="2025-03-23T16:24:55.160534" elapsed="0.001426"/>
</iter>
<iter>
<kw name="Log To Console" owner="BuiltIn">
<arg>${i}</arg>
<doc>Logs the given message to the console.</doc>
<status status="PASS" start="2025-03-23T16:24:55.162199" elapsed="0.000418"/>
</kw>
<kw name="Evaluate" owner="BuiltIn">
<msg time="2025-03-23T16:24:55.163205" level="INFO">${i} = 2</msg>
<var>${i}</var>
<arg>${1} + 1</arg>
<doc>Evaluates the given expression in Python and returns the result.</doc>
<status status="PASS" start="2025-03-23T16:24:55.162763" elapsed="0.000474"/>
</kw>
<status status="PASS" start="2025-03-23T16:24:55.161987" elapsed="0.001294"/>
</iter>
<iter>
<kw name="Log To Console" owner="BuiltIn">
<arg>${i}</arg>
<doc>Logs the given message to the console.</doc>
<status status="PASS" start="2025-03-23T16:24:55.163500" elapsed="0.000437"/>
</kw>
<kw name="Evaluate" owner="BuiltIn">
<msg time="2025-03-23T16:24:55.164620" level="INFO">${i} = 2</msg>
<var>${i}</var>
<arg>${1} + 1</arg>
<doc>Evaluates the given expression in Python and returns the result.</doc>
<status status="PASS" start="2025-03-23T16:24:55.164110" elapsed="0.000647"/>
</kw>
<status status="PASS" start="2025-03-23T16:24:55.163307" elapsed="0.001503"/>
</iter>
<iter>
<kw name="Log To Console" owner="BuiltIn">
<arg>${i}</arg>
<doc>Logs the given message to the console.</doc>
<status status="PASS" start="2025-03-23T16:24:55.165065" elapsed="0.000423"/>
</kw>
<kw name="Evaluate" owner="BuiltIn">
<msg time="2025-03-23T16:24:55.166016" level="INFO">${i} = 2</msg>
<var>${i}</var>
<arg>${1} + 1</arg>
<doc>Evaluates the given expression in Python and returns the result.</doc>
<status status="PASS" start="2025-03-23T16:24:55.165615" elapsed="0.000432"/>
</kw>
<status status="PASS" start="2025-03-23T16:24:55.164839" elapsed="0.001252"/>
</iter>
<iter>
<kw name="Log To Console" owner="BuiltIn">
<arg>${i}</arg>
<doc>Logs the given message to the console.</doc>
<status status="PASS" start="2025-03-23T16:24:55.166317" elapsed="0.000398"/>
</kw>
<kw name="Evaluate" owner="BuiltIn">
<msg time="2025-03-23T16:24:55.167354" level="INFO">${i} = 2</msg>
<var>${i}</var>
<arg>${1} + 1</arg>
<doc>Evaluates the given expression in Python and returns the result.</doc>
<status status="PASS" start="2025-03-23T16:24:55.166882" elapsed="0.000504"/>
</kw>
<status status="PASS" start="2025-03-23T16:24:55.166116" elapsed="0.001315"/>
</iter>
<iter>
<kw name="Log To Console" owner="BuiltIn">
<arg>${i}</arg>
<doc>Logs the given message to the console.</doc>
<status status="PASS" start="2025-03-23T16:24:55.167663" elapsed="0.000433"/>
</kw>
<kw name="Evaluate" owner="BuiltIn">
<msg time="2025-03-23T16:24:55.168649" level="INFO">${i} = 2</msg>
<var>${i}</var>
<arg>${1} + 1</arg>
<doc>Evaluates the given expression in Python and returns the result.</doc>
<status status="PASS" start="2025-03-23T16:24:55.168225" elapsed="0.000453"/>
</kw>
<status status="PASS" start="2025-03-23T16:24:55.167457" elapsed="0.001263"/>
</iter>
<iter>
<kw name="Log To Console" owner="BuiltIn">
<arg>${i}</arg>
<doc>Logs the given message to the console.</doc>
<status status="PASS" start="2025-03-23T16:24:55.168928" elapsed="0.000393"/>
</kw>
<kw name="Evaluate" owner="BuiltIn">
<msg time="2025-03-23T16:24:55.169960" level="INFO">${i} = 2</msg>
<var>${i}</var>
<arg>${1} + 1</arg>
<doc>Evaluates the given expression in Python and returns the result.</doc>
<status status="PASS" start="2025-03-23T16:24:55.169485" elapsed="0.000508"/>
</kw>
<status status="PASS" start="2025-03-23T16:24:55.168746" elapsed="0.001293"/>
</iter>
<iter>
<kw name="Log To Console" owner="BuiltIn">
<arg>${i}</arg>
<doc>Logs the given message to the console.</doc>
<status status="PASS" start="2025-03-23T16:24:55.170272" elapsed="0.000394"/>
</kw>
<kw name="Evaluate" owner="BuiltIn">
<msg time="2025-03-23T16:24:55.171257" level="INFO">${i} = 2</msg>
<var>${i}</var>
<arg>${1} + 1</arg>
<doc>Evaluates the given expression in Python and returns the result.</doc>
<status status="PASS" start="2025-03-23T16:24:55.170855" elapsed="0.000433"/>
</kw>
<status status="PASS" start="2025-03-23T16:24:55.170065" elapsed="0.001264"/>
</iter>
<iter>
<kw name="Log To Console" owner="BuiltIn">
<arg>${i}</arg>
<doc>Logs the given message to the console.</doc>
<status status="PASS" start="2025-03-23T16:24:55.171532" elapsed="0.000493"/>
</kw>
<kw name="Evaluate" owner="BuiltIn">
<msg time="2025-03-23T16:24:55.172663" level="INFO">${i} = 2</msg>
<var>${i}</var>
<arg>${1} + 1</arg>
<doc>Evaluates the given expression in Python and returns the result.</doc>
<status status="PASS" start="2025-03-23T16:24:55.172190" elapsed="0.000507"/>
</kw>
<status status="PASS" start="2025-03-23T16:24:55.171354" elapsed="0.001388"/>
</iter>
<iter>
<kw name="Log To Console" owner="BuiltIn">
<arg>${i}</arg>
<doc>Logs the given message to the console.</doc>
<status status="PASS" start="2025-03-23T16:24:55.172976" elapsed="0.000714"/>
</kw>
<kw name="Evaluate" owner="BuiltIn">
<msg time="2025-03-23T16:24:55.174813" level="INFO">${i} = 2</msg>
<var>${i}</var>
<arg>${1} + 1</arg>
<doc>Evaluates the given expression in Python and returns the result.</doc>
<status status="PASS" start="2025-03-23T16:24:55.173881" elapsed="0.000972"/>
</kw>
<status status="PASS" start="2025-03-23T16:24:55.172767" elapsed="0.002136"/>
</iter>
<iter>
<kw name="Log To Console" owner="BuiltIn">
<arg>${i}</arg>
<doc>Logs the given message to the console.</doc>
<status status="PASS" start="2025-03-23T16:24:55.175135" elapsed="0.000390"/>
</kw>
<kw name="Evaluate" owner="BuiltIn">
<msg time="2025-03-23T16:24:55.176278" level="INFO">${i} = 2</msg>
<var>${i}</var>
<arg>${1} + 1</arg>
<doc>Evaluates the given expression in Python and returns the result.</doc>
<status status="PASS" start="2025-03-23T16:24:55.175705" elapsed="0.000614"/>
</kw>
<status status="PASS" start="2025-03-23T16:24:55.174927" elapsed="0.001444"/>
</iter>
<iter>
<kw name="Log To Console" owner="BuiltIn">
<arg>${i}</arg>
<doc>Logs the given message to the console.</doc>
<status status="PASS" start="2025-03-23T16:24:55.176736" elapsed="0.000528"/>
</kw>
<kw name="Evaluate" owner="BuiltIn">
<msg time="2025-03-23T16:24:55.177925" level="INFO">${i} = 2</msg>
<var>${i}</var>
<arg>${1} + 1</arg>
<doc>Evaluates the given expression in Python and returns the result.</doc>
<status status="PASS" start="2025-03-23T16:24:55.177436" elapsed="0.000524"/>
</kw>
<status status="PASS" start="2025-03-23T16:24:55.176398" elapsed="0.001608"/>
</iter>
<iter>
<kw name="Log To Console" owner="BuiltIn">
<arg>${i}</arg>
<doc>Logs the given message to the console.</doc>
<status status="PASS" start="2025-03-23T16:24:55.178248" elapsed="0.000409"/>
</kw>
<kw name="Evaluate" owner="BuiltIn">
<msg time="2025-03-23T16:24:55.179323" level="INFO">${i} = 2</msg>
<var>${i}</var>
<arg>${1} + 1</arg>
<doc>Evaluates the given expression in Python and returns the result.</doc>
<status status="PASS" start="2025-03-23T16:24:55.178865" elapsed="0.000494"/>
</kw>
<status status="PASS" start="2025-03-23T16:24:55.178035" elapsed="0.001371"/>
</iter>
<iter>
<kw name="Log To Console" owner="BuiltIn">
<arg>${i}</arg>
<doc>Logs the given message to the console.</doc>
<status status="PASS" start="2025-03-23T16:24:55.179638" elapsed="0.000518"/>
</kw>
<kw name="Evaluate" owner="BuiltIn">
<msg time="2025-03-23T16:24:55.180797" level="INFO">${i} = 2</msg>
<var>${i}</var>
<arg>${1} + 1</arg>
<doc>Evaluates the given expression in Python and returns the result.</doc>
<status status="PASS" start="2025-03-23T16:24:55.180324" elapsed="0.000507"/>
</kw>
<status status="PASS" start="2025-03-23T16:24:55.179432" elapsed="0.001443"/>
</iter>
<iter>
<kw name="Log To Console" owner="BuiltIn">
<arg>${i}</arg>
<doc>Logs the given message to the console.</doc>
<status status="PASS" start="2025-03-23T16:24:55.181104" elapsed="0.000404"/>
</kw>
<kw name="Evaluate" owner="BuiltIn">
<msg time="2025-03-23T16:24:55.182143" level="INFO">${i} = 2</msg>
<var>${i}</var>
<arg>${1} + 1</arg>
<doc>Evaluates the given expression in Python and returns the result.</doc>
<status status="PASS" start="2025-03-23T16:24:55.181710" elapsed="0.000468"/>
</kw>
<status status="PASS" start="2025-03-23T16:24:55.180902" elapsed="0.001324"/>
</iter>
<iter>
<kw name="Log To Console" owner="BuiltIn">
<arg>${i}</arg>
<doc>Logs the given message to the console.</doc>
<status status="PASS" start="2025-03-23T16:24:55.182451" elapsed="0.000508"/>
</kw>
<kw name="Evaluate" owner="BuiltIn">
<msg time="2025-03-23T16:24:55.183598" level="INFO">${i} = 2</msg>
<var>${i}</var>
<arg>${1} + 1</arg>
<doc>Evaluates the given expression in Python and returns the result.</doc>
<status status="PASS" start="2025-03-23T16:24:55.183125" elapsed="0.000507"/>
</kw>
<status status="PASS" start="2025-03-23T16:24:55.182250" elapsed="0.001426"/>
</iter>
<iter>
<kw name="Log To Console" owner="BuiltIn">
<arg>${i}</arg>
<doc>Logs the given message to the console.</doc>
<status status="PASS" start="2025-03-23T16:24:55.183905" elapsed="0.000399"/>
</kw>
<kw name="Evaluate" owner="BuiltIn">
<msg time="2025-03-23T16:24:55.185016" level="INFO">${i} = 2</msg>
<var>${i}</var>
<arg>${1} + 1</arg>
<doc>Evaluates the given expression in Python and returns the result.</doc>
<status status="PASS" start="2025-03-23T16:24:55.184596" elapsed="0.000450"/>
</kw>
<status status="PASS" start="2025-03-23T16:24:55.183703" elapsed="0.001387"/>
</iter>
<iter>
<kw name="Log To Console" owner="BuiltIn">
<arg>${i}</arg>
<doc>Logs the given message to the console.</doc>
<status status="PASS" start="2025-03-23T16:24:55.185303" elapsed="0.000493"/>
</kw>
<kw name="Evaluate" owner="BuiltIn">
<msg time="2025-03-23T16:24:55.186429" level="INFO">${i} = 2</msg>
<var>${i}</var>
<arg>${1} + 1</arg>
<doc>Evaluates the given expression in Python and returns the result.</doc>
<status status="PASS" start="2025-03-23T16:24:55.185962" elapsed="0.000501"/>
</kw>
<status status="PASS" start="2025-03-23T16:24:55.185117" elapsed="0.001392"/>
</iter>
<iter>
<kw name="Log To Console" owner="BuiltIn">
<arg>${i}</arg>
<doc>Logs the given message to the console.</doc>
<status status="PASS" start="2025-03-23T16:24:55.186738" elapsed="0.000414"/>
</kw>
<kw name="Evaluate" owner="BuiltIn">
<msg time="2025-03-23T16:24:55.187750" level="INFO">${i} = 2</msg>
<var>${i}</var>
<arg>${1} + 1</arg>
<doc>Evaluates the given expression in Python and returns the result.</doc>
<status status="PASS" start="2025-03-23T16:24:55.187343" elapsed="0.000438"/>
</kw>
<status status="PASS" start="2025-03-23T16:24:55.186535" elapsed="0.001289"/>
</iter>
<iter>
<kw name="Log To Console" owner="BuiltIn">
<arg>${i}</arg>
<doc>Logs the given message to the console.</doc>
<status status="PASS" start="2025-03-23T16:24:55.188026" elapsed="0.000495"/>
</kw>
<kw name="Evaluate" owner="BuiltIn">
<msg time="2025-03-23T16:24:55.189165" level="INFO">${i} = 2</msg>
<var>${i}</var>
<arg>${1} + 1</arg>
<doc>Evaluates the given expression in Python and returns the result.</doc>
<status status="PASS" start="2025-03-23T16:24:55.188687" elapsed="0.000512"/>
</kw>
<status status="PASS" start="2025-03-23T16:24:55.187848" elapsed="0.001396"/>
</iter>
<iter>
<kw name="Log To Console" owner="BuiltIn">
<arg>${i}</arg>
<doc>Logs the given message to the console.</doc>
<status status="PASS" start="2025-03-23T16:24:55.189472" elapsed="0.000400"/>
</kw>
<kw name="Evaluate" owner="BuiltIn">
<msg time="2025-03-23T16:24:55.191011" level="INFO">${i} = 2</msg>
<var>${i}</var>
<arg>${1} + 1</arg>
<doc>Evaluates the given expression in Python and returns the result.</doc>
<status status="PASS" start="2025-03-23T16:24:55.190438" elapsed="0.000615"/>
</kw>
<status status="PASS" start="2025-03-23T16:24:55.189270" elapsed="0.001842"/>
</iter>
<iter>
<kw name="Log To Console" owner="BuiltIn">
<arg>${i}</arg>
<doc>Logs the given message to the console.</doc>
<status status="PASS" start="2025-03-23T16:24:55.191346" elapsed="0.000461"/>
</kw>
<kw name="Evaluate" owner="BuiltIn">
<msg time="2025-03-23T16:24:55.192413" level="INFO">${i} = 2</msg>
<var>${i}</var>
<arg>${1} + 1</arg>
<doc>Evaluates the given expression in Python and returns the result.</doc>
<status status="PASS" start="2025-03-23T16:24:55.191962" elapsed="0.000484"/>
</kw>
<status status="PASS" start="2025-03-23T16:24:55.191140" elapsed="0.001353"/>
</iter>
<iter>
<kw name="Log To Console" owner="BuiltIn">
<arg>${i}</arg>
<doc>Logs the given message to the console.</doc>
<status status="PASS" start="2025-03-23T16:24:55.192719" elapsed="0.000482"/>
</kw>
<kw name="Evaluate" owner="BuiltIn">
<msg time="2025-03-23T16:24:55.193854" level="INFO">${i} = 2</msg>
<var>${i}</var>
<arg>${1} + 1</arg>
<doc>Evaluates the given expression in Python and returns the result.</doc>
<status status="PASS" start="2025-03-23T16:24:55.193364" elapsed="0.000525"/>
</kw>
<status status="PASS" start="2025-03-23T16:24:55.192519" elapsed="0.001418"/>
</iter>
<iter>
<kw name="Log To Console" owner="BuiltIn">
<arg>${i}</arg>
<doc>Logs the given message to the console.</doc>
<status status="PASS" start="2025-03-23T16:24:55.194183" elapsed="0.000534"/>
</kw>
<kw name="Evaluate" owner="BuiltIn">
<msg time="2025-03-23T16:24:55.195381" level="INFO">${i} = 2</msg>
<var>${i}</var>
<arg>${1} + 1</arg>
<doc>Evaluates the given expression in Python and returns the result.</doc>
<status status="PASS" start="2025-03-23T16:24:55.194890" elapsed="0.000525"/>
</kw>
<status status="PASS" start="2025-03-23T16:24:55.193965" elapsed="0.001499"/>
</iter>
<iter>
<kw name="Log To Console" owner="BuiltIn">
<arg>${i}</arg>
<doc>Logs the given message to the console.</doc>
<status status="PASS" start="2025-03-23T16:24:55.195702" elapsed="0.000400"/>
</kw>
<kw name="Evaluate" owner="BuiltIn">
<msg time="2025-03-23T16:24:55.196714" level="INFO">${i} = 2</msg>
<var>${i}</var>
<arg>${1} + 1</arg>
<doc>Evaluates the given expression in Python and returns the result.</doc>
<status status="PASS" start="2025-03-23T16:24:55.196287" elapsed="0.000460"/>
</kw>
<status status="PASS" start="2025-03-23T16:24:55.195491" elapsed="0.001304"/>
</iter>
<iter>
<kw name="Log To Console" owner="BuiltIn">
<arg>${i}</arg>
<doc>Logs the given message to the console.</doc>
<status status="PASS" start="2025-03-23T16:24:55.197023" elapsed="0.000524"/>
</kw>
<kw name="Evaluate" owner="BuiltIn">
<msg time="2025-03-23T16:24:55.198183" level="INFO">${i} = 2</msg>
<var>${i}</var>
<arg>${1} + 1</arg>
<doc>Evaluates the given expression in Python and returns the result.</doc>
<status status="PASS" start="2025-03-23T16:24:55.197714" elapsed="0.000502"/>
</kw>
<status status="PASS" start="2025-03-23T16:24:55.196821" elapsed="0.001441"/>
</iter>
<iter>
<kw name="Log To Console" owner="BuiltIn">
<arg>${i}</arg>
<doc>Logs the given message to the console.</doc>
<status status="PASS" start="2025-03-23T16:24:55.198489" elapsed="0.000399"/>
</kw>
<kw name="Evaluate" owner="BuiltIn">
<msg time="2025-03-23T16:24:55.199520" level="INFO">${i} = 2</msg>
<var>${i}</var>
<arg>${1} + 1</arg>
<doc>Evaluates the given expression in Python and returns the result.</doc>
<status status="PASS" start="2025-03-23T16:24:55.199093" elapsed="0.000458"/>
</kw>
<status status="PASS" start="2025-03-23T16:24:55.198287" elapsed="0.001307"/>
</iter>
<iter>
<kw name="Log To Console" owner="BuiltIn">
<arg>${i}</arg>
<doc>Logs the given message to the console.</doc>
<status status="PASS" start="2025-03-23T16:24:55.199805" elapsed="0.000504"/>
</kw>
<kw name="Evaluate" owner="BuiltIn">
<msg time="2025-03-23T16:24:55.200942" level="INFO">${i} = 2</msg>
<var>${i}</var>
<arg>${1} + 1</arg>
<doc>Evaluates the given expression in Python and returns the result.</doc>
<status status="PASS" start="2025-03-23T16:24:55.200475" elapsed="0.000501"/>
</kw>
<status status="PASS" start="2025-03-23T16:24:55.199617" elapsed="0.001405"/>
</iter>
<iter>
<kw name="Log To Console" owner="BuiltIn">
<arg>${i}</arg>
<doc>Logs the given message to the console.</doc>
<status status="PASS" start="2025-03-23T16:24:55.201251" elapsed="0.000387"/>
</kw>
<kw name="Evaluate" owner="BuiltIn">
<msg time="2025-03-23T16:24:55.202386" level="INFO">${i} = 2</msg>
<var>${i}</var>
<arg>${1} + 1</arg>
<doc>Evaluates the given expression in Python and returns the result.</doc>
<status status="PASS" start="2025-03-23T16:24:55.201875" elapsed="0.000548"/>
</kw>
<status status="PASS" start="2025-03-23T16:24:55.201047" elapsed="0.001426"/>
</iter>
<iter>
<kw name="Log To Console" owner="BuiltIn">
<arg>${i}</arg>
<doc>Logs the given message to the console.</doc>
<status status="PASS" start="2025-03-23T16:24:55.202771" elapsed="0.000440"/>
</kw>
<kw name="Evaluate" owner="BuiltIn">
<msg time="2025-03-23T16:24:55.203758" level="INFO">${i} = 2</msg>
<var>${i}</var>
<arg>${1} + 1</arg>
<doc>Evaluates the given expression in Python and returns the result.</doc>
<status status="PASS" start="2025-03-23T16:24:55.203343" elapsed="0.000444"/>
</kw>
<status status="PASS" start="2025-03-23T16:24:55.202499" elapsed="0.001422"/>
</iter>
<iter>
<kw name="Log To Console" owner="BuiltIn">
<arg>${i}</arg>
<doc>Logs the given message to the console.</doc>
<status status="PASS" start="2025-03-23T16:24:55.204171" elapsed="0.000520"/>
</kw>
<kw name="Evaluate" owner="BuiltIn">
<msg time="2025-03-23T16:24:55.205328" level="INFO">${i} = 2</msg>
<var>${i}</var>
<arg>${1} + 1</arg>
<doc>Evaluates the given expression in Python and returns the result.</doc>
<status status="PASS" start="2025-03-23T16:24:55.204857" elapsed="0.000503"/>
</kw>
<status status="PASS" start="2025-03-23T16:24:55.203953" elapsed="0.001453"/>
</iter>
<iter>
<kw name="Log To Console" owner="BuiltIn">
<arg>${i}</arg>
<doc>Logs the given message to the console.</doc>
<status status="PASS" start="2025-03-23T16:24:55.205644" elapsed="0.000421"/>
</kw>
<kw name="Evaluate" owner="BuiltIn">
<msg time="2025-03-23T16:24:55.206895" level="INFO">${i} = 2</msg>
<var>${i}</var>
<arg>${1} + 1</arg>
<doc>Evaluates the given expression in Python and returns the result.</doc>
<status status="PASS" start="2025-03-23T16:24:55.206373" elapsed="0.000582"/>
</kw>
<status status="PASS" start="2025-03-23T16:24:55.205434" elapsed="0.001569"/>
</iter>
<iter>
<kw name="Log To Console" owner="BuiltIn">
<arg>${i}</arg>
<doc>Logs the given message to the console.</doc>
<status status="PASS" start="2025-03-23T16:24:55.207232" elapsed="0.000352"/>
</kw>
<kw name="Evaluate" owner="BuiltIn">
<msg time="2025-03-23T16:24:55.208215" level="INFO">${i} = 2</msg>
<var>${i}</var>
<arg>${1} + 1</arg>
<doc>Evaluates the given expression in Python and returns the result.</doc>
<status status="PASS" start="2025-03-23T16:24:55.207761" elapsed="0.000550"/>
</kw>
<status status="PASS" start="2025-03-23T16:24:55.207028" elapsed="0.001331"/>
</iter>
<iter>
<kw name="Log To Console" owner="BuiltIn">
<arg>${i}</arg>
<doc>Logs the given message to the console.</doc>
<status status="PASS" start="2025-03-23T16:24:55.208585" elapsed="0.000413"/>
</kw>
<kw name="Evaluate" owner="BuiltIn">
<msg time="2025-03-23T16:24:55.209641" level="INFO">${i} = 2</msg>
<var>${i}</var>
<arg>${1} + 1</arg>
<doc>Evaluates the given expression in Python and returns the result.</doc>
<status status="PASS" start="2025-03-23T16:24:55.209174" elapsed="0.000501"/>
</kw>
<status status="PASS" start="2025-03-23T16:24:55.208383" elapsed="0.001337"/>
</iter>
<iter>
<kw name="Log To Console" owner="BuiltIn">
<arg>${i}</arg>
<doc>Logs the given message to the console.</doc>
<status status="PASS" start="2025-03-23T16:24:55.209953" elapsed="0.000480"/>
</kw>
<kw name="Evaluate" owner="BuiltIn">
<msg time="2025-03-23T16:24:55.211089" level="INFO">${i} = 2</msg>
<var>${i}</var>
<arg>${1} + 1</arg>
<doc>Evaluates the given expression in Python and returns the result.</doc>
<status status="PASS" start="2025-03-23T16:24:55.210598" elapsed="0.000527"/>
</kw>
<status status="PASS" start="2025-03-23T16:24:55.209746" elapsed="0.001430"/>
</iter>
<iter>
<kw name="Log To Console" owner="BuiltIn">
<arg>${i}</arg>
<doc>Logs the given message to the console.</doc>
<status status="PASS" start="2025-03-23T16:24:55.211421" elapsed="0.000523"/>
</kw>
<kw name="Evaluate" owner="BuiltIn">
<msg time="2025-03-23T16:24:55.212627" level="INFO">${i} = 2</msg>
<var>${i}</var>
<arg>${1} + 1</arg>
<doc>Evaluates the given expression in Python and returns the result.</doc>
<status status="PASS" start="2025-03-23T16:24:55.212120" elapsed="0.000541"/>
</kw>
<status status="PASS" start="2025-03-23T16:24:55.211201" elapsed="0.001510"/>
</iter>
<iter>
<kw name="Log To Console" owner="BuiltIn">
<arg>${i}</arg>
<doc>Logs the given message to the console.</doc>
<status status="PASS" start="2025-03-23T16:24:55.212953" elapsed="0.000423"/>
</kw>
<kw name="Evaluate" owner="BuiltIn">
<msg time="2025-03-23T16:24:55.214031" level="INFO">${i} = 2</msg>
<var>${i}</var>
<arg>${1} + 1</arg>
<doc>Evaluates the given expression in Python and returns the result.</doc>
<status status="PASS" start="2025-03-23T16:24:55.213581" elapsed="0.000484"/>
</kw>
<status status="PASS" start="2025-03-23T16:24:55.212738" elapsed="0.001371"/>
</iter>
<iter>
<kw name="Log To Console" owner="BuiltIn">
<arg>${i}</arg>
<doc>Logs the given message to the console.</doc>
<status status="PASS" start="2025-03-23T16:24:55.214336" elapsed="0.000521"/>
</kw>
<kw name="Evaluate" owner="BuiltIn">
<msg time="2025-03-23T16:24:55.215534" level="INFO">${i} = 2</msg>
<var>${i}</var>
<arg>${1} + 1</arg>
<doc>Evaluates the given expression in Python and returns the result.</doc>
<status status="PASS" start="2025-03-23T16:24:55.215034" elapsed="0.000535"/>
</kw>
<status status="PASS" start="2025-03-23T16:24:55.214134" elapsed="0.001481"/>
</iter>
<iter>
<kw name="Log To Console" owner="BuiltIn">
<arg>${i}</arg>
<doc>Logs the given message to the console.</doc>
<status status="PASS" start="2025-03-23T16:24:55.215856" elapsed="0.000411"/>
</kw>
<kw name="Evaluate" owner="BuiltIn">
<msg time="2025-03-23T16:24:55.216911" level="INFO">${i} = 2</msg>
<var>${i}</var>
<arg>${1} + 1</arg>
<doc>Evaluates the given expression in Python and returns the result.</doc>
<status status="PASS" start="2025-03-23T16:24:55.216465" elapsed="0.000480"/>
</kw>
<status status="PASS" start="2025-03-23T16:24:55.215642" elapsed="0.001348"/>
</iter>
<iter>
<kw name="Log To Console" owner="BuiltIn">
<arg>${i}</arg>
<doc>Logs the given message to the console.</doc>
<status status="PASS" start="2025-03-23T16:24:55.217216" elapsed="0.000512"/>
</kw>
<kw name="Evaluate" owner="BuiltIn">
<msg time="2025-03-23T16:24:55.218371" level="INFO">${i} = 2</msg>
<var>${i}</var>
<arg>${1} + 1</arg>
<doc>Evaluates the given expression in Python and returns the result.</doc>
<status status="PASS" start="2025-03-23T16:24:55.217896" elapsed="0.000509"/>
</kw>
<status status="PASS" start="2025-03-23T16:24:55.217016" elapsed="0.001435"/>
</iter>
<iter>
<kw name="Log To Console" owner="BuiltIn">
<arg>${i}</arg>
<doc>Logs the given message to the console.</doc>
<status status="PASS" start="2025-03-23T16:24:55.218685" elapsed="0.000400"/>
</kw>
<kw name="Evaluate" owner="BuiltIn">
<msg time="2025-03-23T16:24:55.219690" level="INFO">${i} = 2</msg>
<var>${i}</var>
<arg>${1} + 1</arg>
<doc>Evaluates the given expression in Python and returns the result.</doc>
<status status="PASS" start="2025-03-23T16:24:55.219273" elapsed="0.000450"/>
</kw>
<status status="PASS" start="2025-03-23T16:24:55.218476" elapsed="0.001294"/>
</iter>
<iter>
<kw name="Log To Console" owner="BuiltIn">
<arg>${i}</arg>
<doc>Logs the given message to the console.</doc>
<status status="PASS" start="2025-03-23T16:24:55.219982" elapsed="0.000517"/>
</kw>
<kw name="Evaluate" owner="BuiltIn">
<msg time="2025-03-23T16:24:55.221025" level="INFO">${i} = 2</msg>
<var>${i}</var>
<arg>${1} + 1</arg>
<doc>Evaluates the given expression in Python and returns the result.</doc>
<status status="PASS" start="2025-03-23T16:24:55.220621" elapsed="0.000437"/>
</kw>
<status status="PASS" start="2025-03-23T16:24:55.219793" elapsed="0.001311"/>
</iter>
<iter>
<kw name="Log To Console" owner="BuiltIn">
<arg>${i}</arg>
<doc>Logs the given message to the console.</doc>
<status status="PASS" start="2025-03-23T16:24:55.221325" elapsed="0.000518"/>
</kw>
<kw name="Evaluate" owner="BuiltIn">
<msg time="2025-03-23T16:24:55.222519" level="INFO">${i} = 2</msg>
<var>${i}</var>
<arg>${1} + 1</arg>
<doc>Evaluates the given expression in Python and returns the result.</doc>
<status status="PASS" start="2025-03-23T16:24:55.222016" elapsed="0.000537"/>
</kw>
<status status="PASS" start="2025-03-23T16:24:55.221128" elapsed="0.001474"/>
</iter>
<iter>
<kw name="Log To Console" owner="BuiltIn">
<arg>${i}</arg>
<doc>Logs the given message to the console.</doc>
<status status="PASS" start="2025-03-23T16:24:55.222834" elapsed="0.000508"/>
</kw>
<kw name="Evaluate" owner="BuiltIn">
[...]
</kw>
<status status="PASS" start="2025-03-23T16:24:55.855769" elapsed="0.001091"/>
</iter>
<iter>
<kw name="Log To Console" owner="BuiltIn">
<arg>${i}</arg>
<doc>Logs the given message to the console.</doc>
<status status="PASS" start="2025-03-23T16:24:55.857119" elapsed="0.000395"/>
</kw>
<kw name="Evaluate" owner="BuiltIn">
<msg time="2025-03-23T16:24:55.858012" level="INFO">${i} = 2</msg>
<var>${i}</var>
<arg>${1} + 1</arg>
<doc>Evaluates the given expression in Python and returns the result.</doc>
<status status="PASS" start="2025-03-23T16:24:55.857629" elapsed="0.000412"/>
</kw>
<status status="PASS" start="2025-03-23T16:24:55.856883" elapsed="0.001199"/>
</iter>
<iter>
<kw name="Log To Console" owner="BuiltIn">
<arg>${i}</arg>
<doc>Logs the given message to the console.</doc>
<status status="PASS" start="2025-03-23T16:24:55.858295" elapsed="0.000404"/>
</kw>
<kw name="Evaluate" owner="BuiltIn">
<msg time="2025-03-23T16:24:55.859298" level="INFO">${i} = 2</msg>
<var>${i}</var>
<arg>${1} + 1</arg>
<doc>Evaluates the given expression in Python and returns the result.</doc>
<status status="PASS" start="2025-03-23T16:24:55.858856" elapsed="0.000474"/>
</kw>
<status status="PASS" start="2025-03-23T16:24:55.858107" elapsed="0.001266"/>
</iter>
<iter>
<kw name="Log To Console" owner="BuiltIn">
<arg>${i}</arg>
<doc>Logs the given message to the console.</doc>
<status status="PASS" start="2025-03-23T16:24:55.859591" elapsed="0.000317"/>
</kw>
<kw name="Evaluate" owner="BuiltIn">
<msg time="2025-03-23T16:24:55.860527" level="INFO">${i} = 2</msg>
<var>${i}</var>
<arg>${1} + 1</arg>
<doc>Evaluates the given expression in Python and returns the result.</doc>
<status status="PASS" start="2025-03-23T16:24:55.860118" elapsed="0.000438"/>
</kw>
<status status="PASS" start="2025-03-23T16:24:55.859399" elapsed="0.001197"/>
</iter>
<iter>
<kw name="Log To Console" owner="BuiltIn">
<arg>${i}</arg>
<doc>Logs the given message to the console.</doc>
<status status="PASS" start="2025-03-23T16:24:55.860794" elapsed="0.000386"/>
</kw>
<kw name="Evaluate" owner="BuiltIn">
<msg time="2025-03-23T16:24:55.861780" level="INFO">${i} = 2</msg>
<var>${i}</var>
<arg>${1} + 1</arg>
<doc>Evaluates the given expression in Python and returns the result.</doc>
<status status="PASS" start="2025-03-23T16:24:55.861336" elapsed="0.000478"/>
</kw>
<status status="PASS" start="2025-03-23T16:24:55.860620" elapsed="0.001236"/>
</iter>
<iter>
<kw name="Log To Console" owner="BuiltIn">
<arg>${i}</arg>
<doc>Logs the given message to the console.</doc>
<status status="PASS" start="2025-03-23T16:24:55.862074" elapsed="0.000323"/>
</kw>
<kw name="Evaluate" owner="BuiltIn">
<msg time="2025-03-23T16:24:55.863310" level="INFO">${i} = 2</msg>
<var>${i}</var>
<arg>${1} + 1</arg>
<doc>Evaluates the given expression in Python and returns the result.</doc>
<status status="PASS" start="2025-03-23T16:24:55.862533" elapsed="0.000818"/>
</kw>
<status status="PASS" start="2025-03-23T16:24:55.861881" elapsed="0.001520"/>
</iter>
<iter>
<kw name="Log To Console" owner="BuiltIn">
<arg>${i}</arg>
<doc>Logs the given message to the console.</doc>
<status status="PASS" start="2025-03-23T16:24:55.863639" elapsed="0.000331"/>
</kw>
<kw name="Evaluate" owner="BuiltIn">
<msg time="2025-03-23T16:24:55.864638" level="INFO">${i} = 2</msg>
<var>${i}</var>
<arg>${1} + 1</arg>
<doc>Evaluates the given expression in Python and returns the result.</doc>
<status status="PASS" start="2025-03-23T16:24:55.864118" elapsed="0.000555"/>
</kw>
<status status="PASS" start="2025-03-23T16:24:55.863426" elapsed="0.001292"/>
</iter>
<iter>
<kw name="Log To Console" owner="BuiltIn">
<arg>${i}</arg>
<doc>Logs the given message to the console.</doc>
<status status="PASS" start="2025-03-23T16:24:55.864939" elapsed="0.000415"/>
</kw>
<kw name="Evaluate" owner="BuiltIn">
<msg time="2025-03-23T16:24:55.865987" level="INFO">${i} = 2</msg>
<var>${i}</var>
<arg>${1} + 1</arg>
<doc>Evaluates the given expression in Python and returns the result.</doc>
<status status="PASS" start="2025-03-23T16:24:55.865521" elapsed="0.000500"/>
</kw>
<status status="PASS" start="2025-03-23T16:24:55.864743" elapsed="0.001325"/>
</iter>
<iter>
<kw name="Log To Console" owner="BuiltIn">
<arg>${i}</arg>
<doc>Logs the given message to the console.</doc>
<status status="PASS" start="2025-03-23T16:24:55.866298" elapsed="0.000326"/>
</kw>
<kw name="Evaluate" owner="BuiltIn">
<msg time="2025-03-23T16:24:55.867181" level="INFO">${i} = 2</msg>
<var>${i}</var>
<arg>${1} + 1</arg>
<doc>Evaluates the given expression in Python and returns the result.</doc>
<status status="PASS" start="2025-03-23T16:24:55.866768" elapsed="0.000444"/>
</kw>
<status status="PASS" start="2025-03-23T16:24:55.866095" elapsed="0.001159"/>
</iter>
<iter>
<kw name="Log To Console" owner="BuiltIn">
<arg>${i}</arg>
<doc>Logs the given message to the console.</doc>
<status status="PASS" start="2025-03-23T16:24:55.867472" elapsed="0.000416"/>
</kw>
<kw name="Evaluate" owner="BuiltIn">
<msg time="2025-03-23T16:24:55.868524" level="INFO">${i} = 2</msg>
<var>${i}</var>
<arg>${1} + 1</arg>
<doc>Evaluates the given expression in Python and returns the result.</doc>
<status status="PASS" start="2025-03-23T16:24:55.868052" elapsed="0.000506"/>
</kw>
<status status="PASS" start="2025-03-23T16:24:55.867279" elapsed="0.001326"/>
</iter>
<iter>
<kw name="Log To Console" owner="BuiltIn">
<arg>${i}</arg>
<doc>Logs the given message to the console.</doc>
<status status="PASS" start="2025-03-23T16:24:55.868839" elapsed="0.000315"/>
</kw>
<kw name="Evaluate" owner="BuiltIn">
<msg time="2025-03-23T16:24:55.869726" level="INFO">${i} = 2</msg>
<var>${i}</var>
<arg>${1} + 1</arg>
<doc>Evaluates the given expression in Python and returns the result.</doc>
<status status="PASS" start="2025-03-23T16:24:55.869296" elapsed="0.000463"/>
</kw>
<status status="PASS" start="2025-03-23T16:24:55.868633" elapsed="0.001171"/>
</iter>
<iter>
<kw name="Log To Console" owner="BuiltIn">
<arg>${i}</arg>
<doc>Logs the given message to the console.</doc>
<status status="PASS" start="2025-03-23T16:24:55.870020" elapsed="0.000395"/>
</kw>
<kw name="Evaluate" owner="BuiltIn">
<msg time="2025-03-23T16:24:55.871034" level="INFO">${i} = 2</msg>
<var>${i}</var>
<arg>${1} + 1</arg>
<doc>Evaluates the given expression in Python and returns the result.</doc>
<status status="PASS" start="2025-03-23T16:24:55.870572" elapsed="0.000494"/>
</kw>
<status status="PASS" start="2025-03-23T16:24:55.869829" elapsed="0.001281"/>
</iter>
<iter>
<kw name="Log To Console" owner="BuiltIn">
<arg>${i}</arg>
<doc>Logs the given message to the console.</doc>
<status status="PASS" start="2025-03-23T16:24:55.871333" elapsed="0.000300"/>
</kw>
<kw name="Evaluate" owner="BuiltIn">
<msg time="2025-03-23T16:24:55.872152" level="INFO">${i} = 2</msg>
<var>${i}</var>
<arg>${1} + 1</arg>
<doc>Evaluates the given expression in Python and returns the result.</doc>
<status status="PASS" start="2025-03-23T16:24:55.871757" elapsed="0.000424"/>
</kw>
<status status="PASS" start="2025-03-23T16:24:55.871137" elapsed="0.001086"/>
</iter>
<iter>
<kw name="Log To Console" owner="BuiltIn">
<arg>${i}</arg>
<doc>Logs the given message to the console.</doc>
<status status="PASS" start="2025-03-23T16:24:55.872422" elapsed="0.000389"/>
</kw>
<kw name="Evaluate" owner="BuiltIn">
<msg time="2025-03-23T16:24:55.873414" level="INFO">${i} = 2</msg>
<var>${i}</var>
<arg>${1} + 1</arg>
<doc>Evaluates the given expression in Python and returns the result.</doc>
<status status="PASS" start="2025-03-23T16:24:55.872967" elapsed="0.000480"/>
</kw>
<status status="PASS" start="2025-03-23T16:24:55.872247" elapsed="0.001243"/>
</iter>
<iter>
<kw name="Log To Console" owner="BuiltIn">
<arg>${i}</arg>
<doc>Logs the given message to the console.</doc>
<status status="PASS" start="2025-03-23T16:24:55.873712" elapsed="0.000407"/>
</kw>
<kw name="Evaluate" owner="BuiltIn">
<msg time="2025-03-23T16:24:55.874875" level="INFO">${i} = 2</msg>
<var>${i}</var>
<arg>${1} + 1</arg>
<doc>Evaluates the given expression in Python and returns the result.</doc>
<status status="PASS" start="2025-03-23T16:24:55.874314" elapsed="0.000605"/>
</kw>
<status status="PASS" start="2025-03-23T16:24:55.873515" elapsed="0.001455"/>
</iter>
<iter>
<kw name="Log To Console" owner="BuiltIn">
<arg>${i}</arg>
<doc>Logs the given message to the console.</doc>
<status status="PASS" start="2025-03-23T16:24:55.875218" elapsed="0.000371"/>
</kw>
<kw name="Evaluate" owner="BuiltIn">
<msg time="2025-03-23T16:24:55.876150" level="INFO">${i} = 2</msg>
<var>${i}</var>
<arg>${1} + 1</arg>
<doc>Evaluates the given expression in Python and returns the result.</doc>
<status status="PASS" start="2025-03-23T16:24:55.875738" elapsed="0.000441"/>
</kw>
<status status="PASS" start="2025-03-23T16:24:55.874998" elapsed="0.001224"/>
</iter>
<iter>
<kw name="Log To Console" owner="BuiltIn">
<arg>${i}</arg>
<doc>Logs the given message to the console.</doc>
<status status="PASS" start="2025-03-23T16:24:55.876439" elapsed="0.000332"/>
</kw>
<kw name="Evaluate" owner="BuiltIn">
<msg time="2025-03-23T16:24:55.877357" level="INFO">${i} = 2</msg>
<var>${i}</var>
<arg>${1} + 1</arg>
<doc>Evaluates the given expression in Python and returns the result.</doc>
<status status="PASS" start="2025-03-23T16:24:55.876918" elapsed="0.000471"/>
</kw>
<status status="PASS" start="2025-03-23T16:24:55.876246" elapsed="0.001289"/>
</iter>
<iter>
<kw name="Log To Console" owner="BuiltIn">
<arg>${i}</arg>
<doc>Logs the given message to the console.</doc>
<status status="PASS" start="2025-03-23T16:24:55.877782" elapsed="0.000424"/>
</kw>
<kw name="Evaluate" owner="BuiltIn">
<msg time="2025-03-23T16:24:55.879089" level="INFO">${i} = 2</msg>
<var>${i}</var>
<arg>${1} + 1</arg>
<doc>Evaluates the given expression in Python and returns the result.</doc>
<status status="PASS" start="2025-03-23T16:24:55.878371" elapsed="0.000757"/>
</kw>
<status status="PASS" start="2025-03-23T16:24:55.877567" elapsed="0.001612"/>
</iter>
<iter>
<kw name="Log To Console" owner="BuiltIn">
<arg>${i}</arg>
<doc>Logs the given message to the console.</doc>
<status status="PASS" start="2025-03-23T16:24:55.879424" elapsed="0.000312"/>
</kw>
<kw name="Evaluate" owner="BuiltIn">
<msg time="2025-03-23T16:24:55.880359" level="INFO">${i} = 2</msg>
<var>${i}</var>
<arg>${1} + 1</arg>
<doc>Evaluates the given expression in Python and returns the result.</doc>
<status status="PASS" start="2025-03-23T16:24:55.879901" elapsed="0.000491"/>
</kw>
<status status="PASS" start="2025-03-23T16:24:55.879206" elapsed="0.001232"/>
</iter>
<iter>
<kw name="Log To Console" owner="BuiltIn">
<arg>${i}</arg>
<doc>Logs the given message to the console.</doc>
<status status="PASS" start="2025-03-23T16:24:55.880673" elapsed="0.000419"/>
</kw>
<kw name="Evaluate" owner="BuiltIn">
<msg time="2025-03-23T16:24:55.881718" level="INFO">${i} = 2</msg>
<var>${i}</var>
<arg>${1} + 1</arg>
<doc>Evaluates the given expression in Python and returns the result.</doc>
<status status="PASS" start="2025-03-23T16:24:55.881253" elapsed="0.000498"/>
</kw>
<status status="PASS" start="2025-03-23T16:24:55.880464" elapsed="0.001333"/>
</iter>
<iter>
<kw name="Log To Console" owner="BuiltIn">
<arg>${i}</arg>
<doc>Logs the given message to the console.</doc>
<status status="PASS" start="2025-03-23T16:24:55.882029" elapsed="0.000311"/>
</kw>
<kw name="Evaluate" owner="BuiltIn">
<msg time="2025-03-23T16:24:55.882885" level="INFO">${i} = 2</msg>
<var>${i}</var>
<arg>${1} + 1</arg>
<doc>Evaluates the given expression in Python and returns the result.</doc>
<status status="PASS" start="2025-03-23T16:24:55.882474" elapsed="0.000441"/>
</kw>
<status status="PASS" start="2025-03-23T16:24:55.881824" elapsed="0.001132"/>
</iter>
<iter>
<kw name="Log To Console" owner="BuiltIn">
<arg>${i}</arg>
<doc>Logs the given message to the console.</doc>
<status status="PASS" start="2025-03-23T16:24:55.883177" elapsed="0.000423"/>
</kw>
<kw name="Evaluate" owner="BuiltIn">
<msg time="2025-03-23T16:24:55.884226" level="INFO">${i} = 2</msg>
<var>${i}</var>
<arg>${1} + 1</arg>
<doc>Evaluates the given expression in Python and returns the result.</doc>
<status status="PASS" start="2025-03-23T16:24:55.883761" elapsed="0.000499"/>
</kw>
<status status="PASS" start="2025-03-23T16:24:55.882983" elapsed="0.001322"/>
</iter>
<iter>
<kw name="Log To Console" owner="BuiltIn">
<arg>${i}</arg>
<doc>Logs the given message to the console.</doc>
<status status="PASS" start="2025-03-23T16:24:55.884535" elapsed="0.000323"/>
</kw>
<kw name="Evaluate" owner="BuiltIn">
<msg time="2025-03-23T16:24:55.885431" level="INFO">${i} = 2</msg>
<var>${i}</var>
<arg>${1} + 1</arg>
<doc>Evaluates the given expression in Python and returns the result.</doc>
<status status="PASS" start="2025-03-23T16:24:55.884997" elapsed="0.000465"/>
</kw>
<status status="PASS" start="2025-03-23T16:24:55.884332" elapsed="0.001173"/>
</iter>
<iter>
<kw name="Log To Console" owner="BuiltIn">
<arg>${i}</arg>
<doc>Logs the given message to the console.</doc>
<status status="PASS" start="2025-03-23T16:24:55.885724" elapsed="0.000409"/>
</kw>
<kw name="Evaluate" owner="BuiltIn">
<msg time="2025-03-23T16:24:55.886771" level="INFO">${i} = 2</msg>
<var>${i}</var>
<arg>${1} + 1</arg>
<doc>Evaluates the given expression in Python and returns the result.</doc>
<status status="PASS" start="2025-03-23T16:24:55.886298" elapsed="0.000507"/>
</kw>
<status status="PASS" start="2025-03-23T16:24:55.885532" elapsed="0.001318"/>
</iter>
<iter>
<kw name="Log To Console" owner="BuiltIn">
<arg>${i}</arg>
<doc>Logs the given message to the console.</doc>
<status status="PASS" start="2025-03-23T16:24:55.887082" elapsed="0.000322"/>
</kw>
<kw name="Evaluate" owner="BuiltIn">
<msg time="2025-03-23T16:24:55.887952" level="INFO">${i} = 2</msg>
<var>${i}</var>
<arg>${1} + 1</arg>
<doc>Evaluates the given expression in Python and returns the result.</doc>
<status status="PASS" start="2025-03-23T16:24:55.887544" elapsed="0.000437"/>
</kw>
<status status="PASS" start="2025-03-23T16:24:55.886876" elapsed="0.001146"/>
</iter>
<iter>
<kw name="Log To Console" owner="BuiltIn">
<arg>${i}</arg>
<doc>Logs the given message to the console.</doc>
<status status="PASS" start="2025-03-23T16:24:55.888225" elapsed="0.000398"/>
</kw>
<kw name="Evaluate" owner="BuiltIn">
<msg time="2025-03-23T16:24:55.889232" level="INFO">${i} = 2</msg>
<var>${i}</var>
<arg>${1} + 1</arg>
<doc>Evaluates the given expression in Python and returns the result.</doc>
<status status="PASS" start="2025-03-23T16:24:55.888779" elapsed="0.000484"/>
</kw>
<status status="PASS" start="2025-03-23T16:24:55.888047" elapsed="0.001259"/>
</iter>
<iter>
<kw name="Log To Console" owner="BuiltIn">
<arg>${i}</arg>
<doc>Logs the given message to the console.</doc>
<status status="PASS" start="2025-03-23T16:24:55.889525" elapsed="0.000295"/>
</kw>
<kw name="Evaluate" owner="BuiltIn">
<msg time="2025-03-23T16:24:55.890412" level="INFO">${i} = 2</msg>
<var>${i}</var>
<arg>${1} + 1</arg>
<doc>Evaluates the given expression in Python and returns the result.</doc>
<status status="PASS" start="2025-03-23T16:24:55.889954" elapsed="0.000496"/>
</kw>
<status status="PASS" start="2025-03-23T16:24:55.889332" elapsed="0.001163"/>
</iter>
<iter>
<kw name="Log To Console" owner="BuiltIn">
<arg>${i}</arg>
<doc>Logs the given message to the console.</doc>
<status status="PASS" start="2025-03-23T16:24:55.890862" elapsed="0.000346"/>
</kw>
<kw name="Evaluate" owner="BuiltIn">
<msg time="2025-03-23T16:24:55.891743" level="INFO">${i} = 2</msg>
<var>${i}</var>
<arg>${1} + 1</arg>
<doc>Evaluates the given expression in Python and returns the result.</doc>
<status status="PASS" start="2025-03-23T16:24:55.891336" elapsed="0.000437"/>
</kw>
<status status="PASS" start="2025-03-23T16:24:55.890603" elapsed="0.001211"/>
</iter>
<iter>
<kw name="Log To Console" owner="BuiltIn">
<arg>${i}</arg>
<doc>Logs the given message to the console.</doc>
<status status="PASS" start="2025-03-23T16:24:55.892022" elapsed="0.000391"/>
</kw>
<kw name="Evaluate" owner="BuiltIn">
<msg time="2025-03-23T16:24:55.893024" level="INFO">${i} = 2</msg>
<var>${i}</var>
<arg>${1} + 1</arg>
<doc>Evaluates the given expression in Python and returns the result.</doc>
<status status="PASS" start="2025-03-23T16:24:55.892566" elapsed="0.000490"/>
</kw>
<status status="PASS" start="2025-03-23T16:24:55.891838" elapsed="0.001260"/>
</iter>
<iter>
<kw name="Log To Console" owner="BuiltIn">
<arg>${i}</arg>
<doc>Logs the given message to the console.</doc>
<status status="PASS" start="2025-03-23T16:24:55.893319" elapsed="0.000298"/>
</kw>
<kw name="Evaluate" owner="BuiltIn">
<msg time="2025-03-23T16:24:55.894153" level="INFO">${i} = 2</msg>
<var>${i}</var>
<arg>${1} + 1</arg>
<doc>Evaluates the given expression in Python and returns the result.</doc>
<status status="PASS" start="2025-03-23T16:24:55.893757" elapsed="0.000427"/>
</kw>
<status status="PASS" start="2025-03-23T16:24:55.893122" elapsed="0.001105"/>
</iter>
<iter>
<kw name="Log To Console" owner="BuiltIn">
<arg>${i}</arg>
<doc>Logs the given message to the console.</doc>
<status status="PASS" start="2025-03-23T16:24:55.894787" elapsed="0.000347"/>
</kw>
<kw name="Evaluate" owner="BuiltIn">
<msg time="2025-03-23T16:24:55.895756" level="INFO">${i} = 2</msg>
<var>${i}</var>
<arg>${1} + 1</arg>
<doc>Evaluates the given expression in Python and returns the result.</doc>
<status status="PASS" start="2025-03-23T16:24:55.895337" elapsed="0.000540"/>
</kw>
<status status="PASS" start="2025-03-23T16:24:55.894252" elapsed="0.001751"/>
</iter>
<iter>
<kw name="Log To Console" owner="BuiltIn">
<arg>${i}</arg>
<doc>Logs the given message to the console.</doc>
<status status="PASS" start="2025-03-23T16:24:55.896280" elapsed="0.000341"/>
</kw>
<kw name="Evaluate" owner="BuiltIn">
<msg time="2025-03-23T16:24:55.897209" level="INFO">${i} = 2</msg>
<var>${i}</var>
<arg>${1} + 1</arg>
<doc>Evaluates the given expression in Python and returns the result.</doc>
<status status="PASS" start="2025-03-23T16:24:55.896752" elapsed="0.000489"/>
</kw>
<status status="PASS" start="2025-03-23T16:24:55.896042" elapsed="0.001242"/>
</iter>
<iter>
<kw name="Log To Console" owner="BuiltIn">
<arg>${i}</arg>
<doc>Logs the given message to the console.</doc>
<status status="PASS" start="2025-03-23T16:24:55.897699" elapsed="0.000405"/>
</kw>
<kw name="Evaluate" owner="BuiltIn">
<msg time="2025-03-23T16:24:55.899371" level="INFO">${i} = 2</msg>
<var>${i}</var>
<arg>${1} + 1</arg>
<doc>Evaluates the given expression in Python and returns the result.</doc>
<status status="PASS" start="2025-03-23T16:24:55.898252" elapsed="0.001163"/>
</kw>
<status status="PASS" start="2025-03-23T16:24:55.897310" elapsed="0.002160"/>
</iter>
<iter>
<kw name="Log To Console" owner="BuiltIn">
<arg>${i}</arg>
<doc>Logs the given message to the console.</doc>
<status status="FAIL" start="2025-03-23T16:24:55.900171" elapsed="0.000200">Execution terminated by signal</status>
</kw>
<kw name="Evaluate" owner="BuiltIn">
<var>${i}</var>
<arg>${1} + 1</arg>
<doc>Evaluates the given expression in Python and returns the result.</doc>
<status status="NOT RUN" start="2025-03-23T16:24:55.900503" elapsed="0.000023"/>
</kw>
<status status="FAIL" start="2025-03-23T16:24:55.899498" elapsed="0.001118">Execution terminated by signal</status>
</iter>
<status status="FAIL" start="2025-03-23T16:24:55.025509" elapsed="0.875233">Execution terminated by signal</status>
</while>
<status status="FAIL" start="2025-03-23T16:24:55.023717" elapsed="0.877548">Execution terminated by signal</status>
</test>
<status status="FAIL" start="2025-03-23T16:24:54.976317" elapsed="0.926192"/>
</suite>
<statistics>
<total>
<stat pass="0" fail="1" skip="0">All Tests</stat>
</total>
<tag>
</tag>
<suite>
<stat name="TC01" id="s1" pass="0" fail="1" skip="0">TC01</stat>
</suite>
</statistics>
<errors>
</errors>
</robot>
